2026-04-27 18:40:27: /home/dhaval/digital-forensics/backend/services/evidenceService.js:434
2026-04-27 18:40:27: const isFOtoCustodian =
2026-04-27 18:40:27:       ^
2026-04-27 18:40:27: 
2026-04-27 18:40:27: SyntaxError: Identifier 'isFOtoCustodian' has already been declared
2026-04-27 18:40:27:     at wrapSafe (node:internal/modules/cjs/loader:1743:18)
2026-04-27 18:40:27:     at Module._compile (node:internal/modules/cjs/loader:1786:20)
2026-04-27 18:40:27:     at Object..js (node:internal/modules/cjs/loader:1943:10)
2026-04-27 18:40:27:     at Module.load (node:internal/modules/cjs/loader:1533:32)
2026-04-27 18:40:27:     at Module._load (node:internal/modules/cjs/loader:1335:12)
2026-04-27 18:40:27:     at wrapModuleLoad (node:internal/modules/cjs/loader:255:19)
2026-04-27 18:40:27:     at Module.<anonymous> (node:internal/modules/cjs/loader:1556:12)
2026-04-27 18:40:27:     at Hook._require.Module.require (/home/dhaval/.nvm/versions/node/v24.14.1/lib/node_modules/pm2/node_modules/require-in-the-middle/index.js:101:39)
2026-04-27 18:40:27:     at require (node:internal/modules/helpers:152:16)
2026-04-27 18:40:27:     at Object.<anonymous> (/home/dhaval/digital-forensics/backend/controllers/evidenceController.js:1:25)
2026-04-27 18:40:27: /home/dhaval/digital-forensics/backend/services/evidenceService.js:434
2026-04-27 18:40:27: const isFOtoCustodian =
2026-04-27 18:40:27:       ^
2026-04-27 18:40:27: 
2026-04-27 18:40:27: SyntaxError: Identifier 'isFOtoCustodian' has already been declared
2026-04-27 18:40:27:     at wrapSafe (node:internal/modules/cjs/loader:1743:18)
2026-04-27 18:40:27:     at Module._compile (node:internal/modules/cjs/loader:1786:20)
2026-04-27 18:40:27:     at Object..js (node:internal/modules/cjs/loader:1943:10)
2026-04-27 18:40:27:     at Module.load (node:internal/modules/cjs/loader:1533:32)
2026-04-27 18:40:27:     at Module._load (node:internal/modules/cjs/loader:1335:12)
2026-04-27 18:40:27:     at wrapModuleLoad (node:internal/modules/cjs/loader:255:19)
2026-04-27 18:40:27:     at Module.<anonymous> (node:internal/modules/cjs/loader:1556:12)
2026-04-27 18:40:27:     at Hook._require.Module.require (/home/dhaval/.nvm/versions/node/v24.14.1/lib/node_modules/pm2/node_modules/require-in-the-middle/index.js:101:39)
2026-04-27 18:40:27:     at require (node:internal/modules/helpers:152:16)
2026-04-27 18:40:27:     at Object.<anonymous> (/home/dhaval/digital-forensics/backend/controllers/evidenceController.js:1:25)
2026-04-27 18:40:27: /home/dhaval/digital-forensics/backend/services/evidenceService.js:434
2026-04-27 18:40:27: const isFOtoCustodian =
2026-04-27 18:40:27:       ^
2026-04-27 18:40:27: 
2026-04-27 18:40:27: SyntaxError: Identifier 'isFOtoCustodian' has already been declared
2026-04-27 18:40:27:     at wrapSafe (node:internal/modules/cjs/loader:1743:18)
2026-04-27 18:40:27:     at Module._compile (node:internal/modules/cjs/loader:1786:20)
2026-04-27 18:40:27:     at Object..js (node:internal/modules/cjs/loader:1943:10)
2026-04-27 18:40:27:     at Module.load (node:internal/modules/cjs/loader:1533:32)
2026-04-27 18:40:27:     at Module._load (node:internal/modules/cjs/loader:1335:12)
2026-04-27 18:40:27:     at wrapModuleLoad (node:internal/modules/cjs/loader:255:19)
2026-04-27 18:40:27:     at Module.<anonymous> (node:internal/modules/cjs/loader:1556:12)
2026-04-27 18:40:27:     at Hook._require.Module.require (/home/dhaval/.nvm/versions/node/v24.14.1/lib/node_modules/pm2/node_modules/require-in-the-middle/index.js:101:39)
2026-04-27 18:40:27:     at require (node:internal/modules/helpers:152:16)
2026-04-27 18:40:27:     at Object.<anonymous> (/home/dhaval/digital-forensics/backend/controllers/evidenceController.js:1:25)
2026-04-27 18:40:27: /home/dhaval/digital-forensics/backend/services/evidenceService.js:434
2026-04-27 18:40:27: const isFOtoCustodian =
2026-04-27 18:40:27:       ^
2026-04-27 18:40:27: 
2026-04-27 18:40:27: SyntaxError: Identifier 'isFOtoCustodian' has already been declared
2026-04-27 18:40:27:     at wrapSafe (node:internal/modules/cjs/loader:1743:18)
2026-04-27 18:40:27:     at Module._compile (node:internal/modules/cjs/loader:1786:20)
2026-04-27 18:40:27:     at Object..js (node:internal/modules/cjs/loader:1943:10)
2026-04-27 18:40:27:     at Module.load (node:internal/modules/cjs/loader:1533:32)
2026-04-27 18:40:27:     at Module._load (node:internal/modules/cjs/loader:1335:12)
2026-04-27 18:40:27:     at wrapModuleLoad (node:internal/modules/cjs/loader:255:19)
2026-04-27 18:40:27:     at Module.<anonymous> (node:internal/modules/cjs/loader:1556:12)
2026-04-27 18:40:27:     at Hook._require.Module.require (/home/dhaval/.nvm/versions/node/v24.14.1/lib/node_modules/pm2/node_modules/require-in-the-middle/index.js:101:39)
2026-04-27 18:40:27:     at require (node:internal/modules/helpers:152:16)
2026-04-27 18:40:27:     at Object.<anonymous> (/home/dhaval/digital-forensics/backend/controllers/evidenceController.js:1:25)
2026-04-27 18:40:28: /home/dhaval/digital-forensics/backend/services/evidenceService.js:434
2026-04-27 18:40:28: const isFOtoCustodian =
2026-04-27 18:40:28:       ^
2026-04-27 18:40:28: 
2026-04-27 18:40:28: SyntaxError: Identifier 'isFOtoCustodian' has already been declared
2026-04-27 18:40:28:     at wrapSafe (node:internal/modules/cjs/loader:1743:18)
2026-04-27 18:40:28:     at Module._compile (node:internal/modules/cjs/loader:1786:20)
2026-04-27 18:40:28:     at Object..js (node:internal/modules/cjs/loader:1943:10)
2026-04-27 18:40:28:     at Module.load (node:internal/modules/cjs/loader:1533:32)
2026-04-27 18:40:28:     at Module._load (node:internal/modules/cjs/loader:1335:12)
2026-04-27 18:40:28:     at wrapModuleLoad (node:internal/modules/cjs/loader:255:19)
2026-04-27 18:40:28:     at Module.<anonymous> (node:internal/modules/cjs/loader:1556:12)
2026-04-27 18:40:28:     at Hook._require.Module.require (/home/dhaval/.nvm/versions/node/v24.14.1/lib/node_modules/pm2/node_modules/require-in-the-middle/index.js:101:39)
2026-04-27 18:40:28:     at require (node:internal/modules/helpers:152:16)
2026-04-27 18:40:28:     at Object.<anonymous> (/home/dhaval/digital-forensics/backend/controllers/evidenceController.js:1:25)
2026-04-27 18:40:28: /home/dhaval/digital-forensics/backend/services/evidenceService.js:434
2026-04-27 18:40:28: const isFOtoCustodian =
2026-04-27 18:40:28:       ^
2026-04-27 18:40:28: 
2026-04-27 18:40:28: SyntaxError: Identifier 'isFOtoCustodian' has already been declared
2026-04-27 18:40:28:     at wrapSafe (node:internal/modules/cjs/loader:1743:18)
2026-04-27 18:40:28:     at Module._compile (node:internal/modules/cjs/loader:1786:20)
2026-04-27 18:40:28:     at Object..js (node:internal/modules/cjs/loader:1943:10)
2026-04-27 18:40:28:     at Module.load (node:internal/modules/cjs/loader:1533:32)
2026-04-27 18:40:28:     at Module._load (node:internal/modules/cjs/loader:1335:12)
2026-04-27 18:40:28:     at wrapModuleLoad (node:internal/modules/cjs/loader:255:19)
2026-04-27 18:40:28:     at Module.<anonymous> (node:internal/modules/cjs/loader:1556:12)
2026-04-27 18:40:28:     at Hook._require.Module.require (/home/dhaval/.nvm/versions/node/v24.14.1/lib/node_modules/pm2/node_modules/require-in-the-middle/index.js:101:39)
2026-04-27 18:40:28:     at require (node:internal/modules/helpers:152:16)
2026-04-27 18:40:28:     at Object.<anonymous> (/home/dhaval/digital-forensics/backend/controllers/evidenceController.js:1:25)
2026-04-27 18:40:28: /home/dhaval/digital-forensics/backend/services/evidenceService.js:434
2026-04-27 18:40:28: const isFOtoCustodian =
2026-04-27 18:40:28:       ^
2026-04-27 18:40:28: 
2026-04-27 18:40:28: SyntaxError: Identifier 'isFOtoCustodian' has already been declared
2026-04-27 18:40:28:     at wrapSafe (node:internal/modules/cjs/loader:1743:18)
2026-04-27 18:40:28:     at Module._compile (node:internal/modules/cjs/loader:1786:20)
2026-04-27 18:40:28:     at Object..js (node:internal/modules/cjs/loader:1943:10)
2026-04-27 18:40:28:     at Module.load (node:internal/modules/cjs/loader:1533:32)
2026-04-27 18:40:28:     at Module._load (node:internal/modules/cjs/loader:1335:12)
2026-04-27 18:40:28:     at wrapModuleLoad (node:internal/modules/cjs/loader:255:19)
2026-04-27 18:40:28:     at Module.<anonymous> (node:internal/modules/cjs/loader:1556:12)
2026-04-27 18:40:28:     at Hook._require.Module.require (/home/dhaval/.nvm/versions/node/v24.14.1/lib/node_modules/pm2/node_modules/require-in-the-middle/index.js:101:39)
2026-04-27 18:40:28:     at require (node:internal/modules/helpers:152:16)
2026-04-27 18:40:28:     at Object.<anonymous> (/home/dhaval/digital-forensics/backend/controllers/evidenceController.js:1:25)
2026-04-27 18:40:28: /home/dhaval/digital-forensics/backend/services/evidenceService.js:434
2026-04-27 18:40:28: const isFOtoCustodian =
2026-04-27 18:40:28:       ^
2026-04-27 18:40:28: 
2026-04-27 18:40:28: SyntaxError: Identifier 'isFOtoCustodian' has already been declared
2026-04-27 18:40:28:     at wrapSafe (node:internal/modules/cjs/loader:1743:18)
2026-04-27 18:40:28:     at Module._compile (node:internal/modules/cjs/loader:1786:20)
2026-04-27 18:40:28:     at Object..js (node:internal/modules/cjs/loader:1943:10)
2026-04-27 18:40:28:     at Module.load (node:internal/modules/cjs/loader:1533:32)
2026-04-27 18:40:28:     at Module._load (node:internal/modules/cjs/loader:1335:12)
2026-04-27 18:40:28:     at wrapModuleLoad (node:internal/modules/cjs/loader:255:19)
2026-04-27 18:40:28:     at Module.<anonymous> (node:internal/modules/cjs/loader:1556:12)
2026-04-27 18:40:28:     at Hook._require.Module.require (/home/dhaval/.nvm/versions/node/v24.14.1/lib/node_modules/pm2/node_modules/require-in-the-middle/index.js:101:39)
2026-04-27 18:40:28:     at require (node:internal/modules/helpers:152:16)
2026-04-27 18:40:28:     at Object.<anonymous> (/home/dhaval/digital-forensics/backend/controllers/evidenceController.js:1:25)
2026-04-27 18:40:28: /home/dhaval/digital-forensics/backend/services/evidenceService.js:434
2026-04-27 18:40:28: const isFOtoCustodian =
2026-04-27 18:40:28:       ^
2026-04-27 18:40:28: 
2026-04-27 18:40:28: SyntaxError: Identifier 'isFOtoCustodian' has already been declared
2026-04-27 18:40:28:     at wrapSafe (node:internal/modules/cjs/loader:1743:18)
2026-04-27 18:40:28:     at Module._compile (node:internal/modules/cjs/loader:1786:20)
2026-04-27 18:40:28:     at Object..js (node:internal/modules/cjs/loader:1943:10)
2026-04-27 18:40:28:     at Module.load (node:internal/modules/cjs/loader:1533:32)
2026-04-27 18:40:28:     at Module._load (node:internal/modules/cjs/loader:1335:12)
2026-04-27 18:40:28:     at wrapModuleLoad (node:internal/modules/cjs/loader:255:19)
2026-04-27 18:40:28:     at Module.<anonymous> (node:internal/modules/cjs/loader:1556:12)
2026-04-27 18:40:28:     at Hook._require.Module.require (/home/dhaval/.nvm/versions/node/v24.14.1/lib/node_modules/pm2/node_modules/require-in-the-middle/index.js:101:39)
2026-04-27 18:40:28:     at require (node:internal/modules/helpers:152:16)
2026-04-27 18:40:28:     at Object.<anonymous> (/home/dhaval/digital-forensics/backend/controllers/evidenceController.js:1:25)
2026-04-27 18:40:28: /home/dhaval/digital-forensics/backend/services/evidenceService.js:434
2026-04-27 18:40:28: const isFOtoCustodian =
2026-04-27 18:40:28:       ^
2026-04-27 18:40:28: 
2026-04-27 18:40:28: SyntaxError: Identifier 'isFOtoCustodian' has already been declared
2026-04-27 18:40:28:     at wrapSafe (node:internal/modules/cjs/loader:1743:18)
2026-04-27 18:40:28:     at Module._compile (node:internal/modules/cjs/loader:1786:20)
2026-04-27 18:40:28:     at Object..js (node:internal/modules/cjs/loader:1943:10)
2026-04-27 18:40:28:     at Module.load (node:internal/modules/cjs/loader:1533:32)
2026-04-27 18:40:28:     at Module._load (node:internal/modules/cjs/loader:1335:12)
2026-04-27 18:40:28:     at wrapModuleLoad (node:internal/modules/cjs/loader:255:19)
2026-04-27 18:40:28:     at Module.<anonymous> (node:internal/modules/cjs/loader:1556:12)
2026-04-27 18:40:28:     at Hook._require.Module.require (/home/dhaval/.nvm/versions/node/v24.14.1/lib/node_modules/pm2/node_modules/require-in-the-middle/index.js:101:39)
2026-04-27 18:40:28:     at require (node:internal/modules/helpers:152:16)
2026-04-27 18:40:28:     at Object.<anonymous> (/home/dhaval/digital-forensics/backend/controllers/evidenceController.js:1:25)
2026-04-27 18:40:28: /home/dhaval/digital-forensics/backend/services/evidenceService.js:434
2026-04-27 18:40:28: const isFOtoCustodian =
2026-04-27 18:40:28:       ^
2026-04-27 18:40:28: 
2026-04-27 18:40:28: SyntaxError: Identifier 'isFOtoCustodian' has already been declared
2026-04-27 18:40:28:     at wrapSafe (node:internal/modules/cjs/loader:1743:18)
2026-04-27 18:40:28:     at Module._compile (node:internal/modules/cjs/loader:1786:20)
2026-04-27 18:40:28:     at Object..js (node:internal/modules/cjs/loader:1943:10)
2026-04-27 18:40:28:     at Module.load (node:internal/modules/cjs/loader:1533:32)
2026-04-27 18:40:28:     at Module._load (node:internal/modules/cjs/loader:1335:12)
2026-04-27 18:40:28:     at wrapModuleLoad (node:internal/modules/cjs/loader:255:19)
2026-04-27 18:40:28:     at Module.<anonymous> (node:internal/modules/cjs/loader:1556:12)
2026-04-27 18:40:28:     at Hook._require.Module.require (/home/dhaval/.nvm/versions/node/v24.14.1/lib/node_modules/pm2/node_modules/require-in-the-middle/index.js:101:39)
2026-04-27 18:40:28:     at require (node:internal/modules/helpers:152:16)
2026-04-27 18:40:28:     at Object.<anonymous> (/home/dhaval/digital-forensics/backend/controllers/evidenceController.js:1:25)
2026-04-27 18:40:28: /home/dhaval/digital-forensics/backend/services/evidenceService.js:434
2026-04-27 18:40:28: const isFOtoCustodian =
2026-04-27 18:40:28:       ^
2026-04-27 18:40:28: 
2026-04-27 18:40:28: SyntaxError: Identifier 'isFOtoCustodian' has already been declared
2026-04-27 18:40:28:     at wrapSafe (node:internal/modules/cjs/loader:1743:18)
2026-04-27 18:40:28:     at Module._compile (node:internal/modules/cjs/loader:1786:20)
2026-04-27 18:40:28:     at Object..js (node:internal/modules/cjs/loader:1943:10)
2026-04-27 18:40:28:     at Module.load (node:internal/modules/cjs/loader:1533:32)
2026-04-27 18:40:28:     at Module._load (node:internal/modules/cjs/loader:1335:12)
2026-04-27 18:40:28:     at wrapModuleLoad (node:internal/modules/cjs/loader:255:19)
2026-04-27 18:40:28:     at Module.<anonymous> (node:internal/modules/cjs/loader:1556:12)
2026-04-27 18:40:28:     at Hook._require.Module.require (/home/dhaval/.nvm/versions/node/v24.14.1/lib/node_modules/pm2/node_modules/require-in-the-middle/index.js:101:39)
2026-04-27 18:40:28:     at require (node:internal/modules/helpers:152:16)
2026-04-27 18:40:28:     at Object.<anonymous> (/home/dhaval/digital-forensics/backend/controllers/evidenceController.js:1:25)
2026-04-27 18:40:29: /home/dhaval/digital-forensics/backend/services/evidenceService.js:434
2026-04-27 18:40:29: const isFOtoCustodian =
2026-04-27 18:40:29:       ^
2026-04-27 18:40:29: 
2026-04-27 18:40:29: SyntaxError: Identifier 'isFOtoCustodian' has already been declared
2026-04-27 18:40:29:     at wrapSafe (node:internal/modules/cjs/loader:1743:18)
2026-04-27 18:40:29:     at Module._compile (node:internal/modules/cjs/loader:1786:20)
2026-04-27 18:40:29:     at Object..js (node:internal/modules/cjs/loader:1943:10)
2026-04-27 18:40:29:     at Module.load (node:internal/modules/cjs/loader:1533:32)
2026-04-27 18:40:29:     at Module._load (node:internal/modules/cjs/loader:1335:12)
2026-04-27 18:40:29:     at wrapModuleLoad (node:internal/modules/cjs/loader:255:19)
2026-04-27 18:40:29:     at Module.<anonymous> (node:internal/modules/cjs/loader:1556:12)
2026-04-27 18:40:29:     at Hook._require.Module.require (/home/dhaval/.nvm/versions/node/v24.14.1/lib/node_modules/pm2/node_modules/require-in-the-middle/index.js:101:39)
2026-04-27 18:40:29:     at require (node:internal/modules/helpers:152:16)
2026-04-27 18:40:29:     at Object.<anonymous> (/home/dhaval/digital-forensics/backend/controllers/evidenceController.js:1:25)
2026-04-27 18:40:29: /home/dhaval/digital-forensics/backend/services/evidenceService.js:434
2026-04-27 18:40:29: const isFOtoCustodian =
2026-04-27 18:40:29:       ^
2026-04-27 18:40:29: 
2026-04-27 18:40:29: SyntaxError: Identifier 'isFOtoCustodian' has already been declared
2026-04-27 18:40:29:     at wrapSafe (node:internal/modules/cjs/loader:1743:18)
2026-04-27 18:40:29:     at Module._compile (node:internal/modules/cjs/loader:1786:20)
2026-04-27 18:40:29:     at Object..js (node:internal/modules/cjs/loader:1943:10)
2026-04-27 18:40:29:     at Module.load (node:internal/modules/cjs/loader:1533:32)
2026-04-27 18:40:29:     at Module._load (node:internal/modules/cjs/loader:1335:12)
2026-04-27 18:40:29:     at wrapModuleLoad (node:internal/modules/cjs/loader:255:19)
2026-04-27 18:40:29:     at Module.<anonymous> (node:internal/modules/cjs/loader:1556:12)
2026-04-27 18:40:29:     at Hook._require.Module.require (/home/dhaval/.nvm/versions/node/v24.14.1/lib/node_modules/pm2/node_modules/require-in-the-middle/index.js:101:39)
2026-04-27 18:40:29:     at require (node:internal/modules/helpers:152:16)
2026-04-27 18:40:29:     at Object.<anonymous> (/home/dhaval/digital-forensics/backend/controllers/evidenceController.js:1:25)
2026-04-27 18:40:29: /home/dhaval/digital-forensics/backend/services/evidenceService.js:434
2026-04-27 18:40:29: const isFOtoCustodian =
2026-04-27 18:40:29:       ^
2026-04-27 18:40:29: 
2026-04-27 18:40:29: SyntaxError: Identifier 'isFOtoCustodian' has already been declared
2026-04-27 18:40:29:     at wrapSafe (node:internal/modules/cjs/loader:1743:18)
2026-04-27 18:40:29:     at Module._compile (node:internal/modules/cjs/loader:1786:20)
2026-04-27 18:40:29:     at Object..js (node:internal/modules/cjs/loader:1943:10)
2026-04-27 18:40:29:     at Module.load (node:internal/modules/cjs/loader:1533:32)
2026-04-27 18:40:29:     at Module._load (node:internal/modules/cjs/loader:1335:12)
2026-04-27 18:40:29:     at wrapModuleLoad (node:internal/modules/cjs/loader:255:19)
2026-04-27 18:40:29:     at Module.<anonymous> (node:internal/modules/cjs/loader:1556:12)
2026-04-27 18:40:29:     at Hook._require.Module.require (/home/dhaval/.nvm/versions/node/v24.14.1/lib/node_modules/pm2/node_modules/require-in-the-middle/index.js:101:39)
2026-04-27 18:40:29:     at require (node:internal/modules/helpers:152:16)
2026-04-27 18:40:29:     at Object.<anonymous> (/home/dhaval/digital-forensics/backend/controllers/evidenceController.js:1:25)
2026-04-27 18:40:29: /home/dhaval/digital-forensics/backend/services/evidenceService.js:434
2026-04-27 18:40:29: const isFOtoCustodian =
2026-04-27 18:40:29:       ^
2026-04-27 18:40:29: 
2026-04-27 18:40:29: SyntaxError: Identifier 'isFOtoCustodian' has already been declared
2026-04-27 18:40:29:     at wrapSafe (node:internal/modules/cjs/loader:1743:18)
2026-04-27 18:40:29:     at Module._compile (node:internal/modules/cjs/loader:1786:20)
2026-04-27 18:40:29:     at Object..js (node:internal/modules/cjs/loader:1943:10)
2026-04-27 18:40:29:     at Module.load (node:internal/modules/cjs/loader:1533:32)
2026-04-27 18:40:29:     at Module._load (node:internal/modules/cjs/loader:1335:12)
2026-04-27 18:40:29:     at wrapModuleLoad (node:internal/modules/cjs/loader:255:19)
2026-04-27 18:40:29:     at Module.<anonymous> (node:internal/modules/cjs/loader:1556:12)
2026-04-27 18:40:29:     at Hook._require.Module.require (/home/dhaval/.nvm/versions/node/v24.14.1/lib/node_modules/pm2/node_modules/require-in-the-middle/index.js:101:39)
2026-04-27 18:40:29:     at require (node:internal/modules/helpers:152:16)
2026-04-27 18:40:29:     at Object.<anonymous> (/home/dhaval/digital-forensics/backend/controllers/evidenceController.js:1:25)
2026-04-27 18:48:32: Scanner error: undefined
2026-04-27 18:48:35: Scanner error: undefined
2026-04-27 18:48:40: Scanner error: undefined
2026-04-27 18:48:44: Scanner error: undefined
2026-04-27 18:48:47: Scanner error: undefined
2026-04-27 18:48:50: Scanner error: undefined
2026-04-27 18:48:53: Scanner error: undefined
2026-04-27 18:48:57: Scanner error: undefined
2026-04-27 18:49:00: Scanner error: undefined
2026-04-27 18:49:03: Scanner error: undefined
2026-04-27 18:49:07: Scanner error: undefined
2026-04-27 18:49:12: Scanner error: undefined
2026-04-27 18:49:15: Scanner error: undefined
2026-04-27 18:49:18: Scanner error: undefined
2026-04-27 18:49:22: Scanner error: undefined
2026-04-27 18:49:25: Scanner error: undefined
2026-04-27 18:49:28: Scanner error: undefined
2026-04-27 18:49:31: Scanner error: undefined
2026-04-27 18:49:35: Scanner error: undefined
2026-04-27 18:49:38: Scanner error: undefined
2026-04-27 18:49:41: Scanner error: undefined
2026-04-27 18:49:46: Scanner error: undefined
2026-04-27 18:49:50: Scanner error: undefined
2026-04-27 18:49:53: Scanner error: undefined
2026-04-27 18:49:56: Scanner error: undefined
2026-04-27 18:49:59: Scanner error: undefined
2026-04-27 18:50:03: Scanner error: undefined
2026-04-27 18:50:06: Scanner error: undefined
2026-04-27 18:50:09: Scanner error: undefined
2026-04-27 18:50:12: Scanner error: undefined
2026-04-27 18:50:17: Scanner error: undefined
2026-04-27 18:50:21: Scanner error: undefined
2026-04-27 18:50:24: Scanner error: undefined
2026-04-27 18:50:27: Scanner error: undefined
2026-04-27 18:50:31: Scanner error: undefined
2026-04-27 18:50:34: Scanner error: undefined
2026-04-27 18:50:37: Scanner error: undefined
2026-04-27 18:50:40: Scanner error: undefined
2026-04-27 18:50:44: Scanner error: undefined
2026-04-27 18:50:49: Scanner error: undefined
2026-04-27 18:50:52: Scanner error: undefined
2026-04-27 18:50:55: Scanner error: undefined
2026-04-27 18:50:58: Scanner error: undefined
2026-04-27 18:51:02: Scanner error: undefined
2026-04-27 18:51:05: Scanner error: undefined
2026-04-27 18:51:08: Scanner error: undefined
2026-04-27 18:51:12: Scanner error: undefined
2026-04-27 18:51:15: Scanner error: undefined
2026-04-27 18:51:20: Scanner error: undefined
2026-04-27 18:51:23: Scanner error: undefined
2026-04-27 18:51:27: Scanner error: undefined
2026-04-27 18:51:30: Scanner error: undefined
2026-04-27 18:51:33: Scanner error: undefined
2026-04-27 18:51:36: Scanner error: undefined
2026-04-27 18:51:39: Scanner error: undefined
2026-04-27 18:51:43: Scanner error: undefined
2026-04-27 18:51:46: Scanner error: undefined
2026-04-27 18:51:50: Scanner error: undefined
2026-04-27 18:51:54: Scanner error: undefined
2026-04-27 18:51:58: Scanner error: undefined
2026-04-27 18:52:01: Scanner error: undefined
2026-04-27 18:52:04: Scanner error: undefined
2026-04-27 18:52:08: Scanner error: undefined
2026-04-27 18:52:11: Scanner error: undefined
2026-04-27 18:52:14: Scanner error: undefined
2026-04-27 18:52:17: Scanner error: undefined
2026-04-27 18:52:21: Scanner error: undefined
2026-04-27 18:52:26: Scanner error: undefined
2026-04-27 18:52:29: Scanner error: undefined
2026-04-27 18:52:32: Scanner error: undefined
2026-04-27 18:52:36: Scanner error: undefined
2026-04-27 18:52:39: Scanner error: undefined
2026-04-27 18:52:42: Scanner error: undefined
2026-04-27 18:52:46: Scanner error: undefined
2026-04-27 18:52:49: Scanner error: undefined
2026-04-27 18:52:52: Scanner error: undefined
2026-04-27 18:52:57: Scanner error: undefined
2026-04-27 18:53:01: Scanner error: undefined
2026-04-27 18:53:04: Scanner error: undefined
2026-04-27 18:53:07: Scanner error: undefined
2026-04-27 18:53:10: Scanner error: undefined
2026-04-27 18:53:14: Scanner error: undefined
2026-04-27 18:53:17: Scanner error: undefined
2026-04-27 18:53:20: Scanner error: undefined
2026-04-27 18:53:23: Scanner error: undefined
2026-04-27 18:53:29: Scanner error: undefined
2026-04-27 18:53:32: Scanner error: undefined
2026-04-27 18:53:35: Scanner error: undefined
2026-04-27 18:53:39: Scanner error: undefined
2026-04-27 18:53:42: Scanner error: undefined
2026-04-27 18:53:45: Scanner error: undefined
2026-04-27 18:53:48: Scanner error: undefined
2026-04-27 18:53:52: Scanner error: undefined
2026-04-27 18:53:55: Scanner error: undefined
2026-04-27 18:54:00: Scanner error: undefined
2026-04-27 18:54:04: Scanner error: undefined
2026-04-27 18:54:07: Scanner error: undefined
2026-04-27 18:54:10: Scanner error: undefined
2026-04-27 18:54:13: Scanner error: undefined
2026-04-27 18:54:17: Scanner error: undefined
2026-04-27 18:54:20: Scanner error: undefined
2026-04-27 18:54:23: Scanner error: undefined
2026-04-27 18:54:26: Scanner error: undefined
2026-04-27 18:54:32: Scanner error: undefined
2026-04-27 18:54:35: Scanner error: undefined
2026-04-27 18:54:38: Scanner error: undefined
2026-04-27 18:54:41: Scanner error: undefined
2026-04-27 18:54:45: Scanner error: undefined
2026-04-27 18:54:48: Scanner error: undefined
2026-04-27 18:54:51: Scanner error: undefined
2026-04-27 18:54:54: Scanner error: undefined
2026-04-27 18:54:58: Scanner error: undefined
2026-04-27 18:55:03: Scanner error: undefined
2026-04-27 18:55:06: Scanner error: undefined
2026-04-27 18:55:09: Scanner error: undefined
2026-04-27 18:55:13: Scanner error: undefined
2026-04-27 18:55:16: Scanner error: undefined
2026-04-27 18:55:19: Scanner error: undefined
2026-04-27 18:55:22: Scanner error: undefined
2026-04-27 18:55:26: Scanner error: undefined
2026-04-27 18:55:29: Scanner error: undefined
2026-04-27 18:55:33: Scanner error: undefined
2026-04-27 18:55:38: Scanner error: undefined
2026-04-27 18:55:41: Scanner error: undefined
2026-04-27 18:55:44: Scanner error: undefined
2026-04-27 18:55:48: Scanner error: undefined
2026-04-27 18:55:51: Scanner error: undefined
2026-04-27 18:55:54: Scanner error: undefined
2026-04-27 18:55:57: Scanner error: undefined
2026-04-27 18:56:01: Scanner error: undefined
2026-04-27 18:56:04: Scanner error: undefined
2026-04-27 18:56:09: Scanner error: undefined
2026-04-27 18:56:12: Scanner error: undefined
2026-04-27 18:56:16: Scanner error: undefined
2026-04-27 18:56:19: Scanner error: undefined
2026-04-27 18:56:22: Scanner error: undefined
2026-04-27 18:56:25: Scanner error: undefined
2026-04-27 18:56:29: Scanner error: undefined
2026-04-27 18:56:32: Scanner error: undefined
2026-04-27 18:56:35: Scanner error: undefined
2026-04-27 18:56:40: Scanner error: undefined
2026-04-27 18:56:44: Scanner error: undefined
2026-04-27 18:56:47: Scanner error: undefined
2026-04-27 18:56:50: Scanner error: undefined
2026-04-27 18:56:53: Scanner error: undefined
2026-04-27 18:56:57: Scanner error: undefined
2026-04-27 18:57:00: Scanner error: undefined
2026-04-27 18:57:03: Scanner error: undefined
2026-04-27 18:57:06: Scanner error: undefined
2026-04-27 18:57:12: Scanner error: undefined
2026-04-27 18:57:15: Scanner error: undefined
2026-04-27 18:57:18: Scanner error: undefined
2026-04-27 18:57:21: Scanner error: undefined
2026-04-27 18:57:25: Scanner error: undefined
2026-04-27 18:57:28: Scanner error: undefined
2026-04-27 18:57:31: Scanner error: undefined
2026-04-27 18:57:35: Scanner error: undefined
2026-04-27 18:57:38: Scanner error: undefined
2026-04-27 18:57:43: Scanner error: undefined
2026-04-27 18:57:46: Scanner error: undefined
2026-04-27 18:57:50: Scanner error: undefined
2026-04-27 18:57:53: Scanner error: undefined
2026-04-27 18:57:56: Scanner error: undefined
2026-04-27 18:57:59: Scanner error: undefined
2026-04-27 18:58:03: Scanner error: undefined
2026-04-27 18:58:06: Scanner error: undefined
2026-04-27 18:58:09: Scanner error: undefined
2026-04-27 18:58:13: Scanner error: undefined
2026-04-27 18:58:18: Scanner error: undefined
2026-04-27 18:58:21: Scanner error: undefined
2026-04-27 18:58:24: Scanner error: undefined
2026-04-27 18:58:27: Scanner error: undefined
2026-04-27 18:58:31: Scanner error: undefined
2026-04-27 18:58:34: Scanner error: undefined
2026-04-27 18:58:37: Scanner error: undefined
2026-04-27 18:58:40: Scanner error: undefined
2026-04-27 18:58:44: Scanner error: undefined
2026-04-27 18:58:49: Scanner error: undefined
2026-04-27 18:58:52: Scanner error: undefined
2026-04-27 18:58:55: Scanner error: undefined
2026-04-27 18:58:59: Scanner error: undefined
2026-04-27 18:59:02: Scanner error: undefined
2026-04-27 18:59:05: Scanner error: undefined
2026-04-27 18:59:08: Scanner error: undefined
2026-04-27 18:59:12: Scanner error: undefined
2026-04-27 18:59:15: Scanner error: undefined
2026-04-27 18:59:20: Scanner error: undefined
2026-04-27 18:59:23: Scanner error: undefined
2026-04-27 18:59:27: Scanner error: undefined
2026-04-27 18:59:30: Scanner error: undefined
2026-04-27 18:59:33: Scanner error: undefined
2026-04-27 18:59:36: Scanner error: undefined
2026-04-27 18:59:40: Scanner error: undefined
2026-04-27 18:59:43: Scanner error: undefined
2026-04-27 18:59:46: Scanner error: undefined
2026-04-27 18:59:51: Scanner error: undefined
2026-04-27 18:59:55: Scanner error: undefined
2026-04-27 18:59:58: Scanner error: undefined
2026-04-27 19:00:01: Scanner error: undefined
2026-04-27 19:00:04: Scanner error: undefined
2026-04-27 19:00:08: Scanner error: undefined
2026-04-27 19:00:11: Scanner error: undefined
2026-04-27 19:00:14: Scanner error: undefined
2026-04-27 19:00:18: Scanner error: undefined
2026-04-27 19:00:23: Scanner error: undefined
2026-04-27 19:00:26: Scanner error: undefined
2026-04-27 19:00:29: Scanner error: undefined
2026-04-27 19:00:33: Scanner error: undefined
2026-04-27 19:00:36: Scanner error: undefined
2026-04-27 19:00:39: Scanner error: undefined
2026-04-27 19:00:42: Scanner error: undefined
2026-04-27 19:00:46: Scanner error: undefined
2026-04-27 19:00:49: Scanner error: undefined
2026-04-27 19:00:53: Scanner error: undefined
2026-04-27 19:00:57: Scanner error: undefined
2026-04-27 19:01:01: Scanner error: undefined
2026-04-27 19:01:04: Scanner error: undefined
2026-04-27 19:01:07: Scanner error: undefined
2026-04-27 19:01:11: Scanner error: undefined
2026-04-27 19:01:14: Scanner error: undefined
2026-04-27 19:01:17: Scanner error: undefined
2026-04-27 19:01:20: Scanner error: undefined
2026-04-27 19:01:24: Scanner error: undefined
2026-04-27 19:01:29: Scanner error: undefined
2026-04-27 19:01:32: Scanner error: undefined
2026-04-27 19:01:35: Scanner error: undefined
2026-04-27 19:01:39: Scanner error: undefined
2026-04-27 19:01:42: Scanner error: undefined
2026-04-27 19:01:45: Scanner error: undefined
2026-04-27 19:01:48: Scanner error: undefined
2026-04-27 19:01:52: Scanner error: undefined
2026-04-27 19:01:55: Scanner error: undefined
2026-04-27 19:02:00: Scanner error: undefined
2026-04-27 19:02:03: Scanner error: undefined
2026-04-27 19:02:07: Scanner error: undefined
2026-04-27 19:02:10: Scanner error: undefined
2026-04-27 19:02:13: Scanner error: undefined
2026-04-27 19:02:16: Scanner error: undefined
2026-04-27 19:02:20: Scanner error: undefined
2026-04-27 19:02:23: Scanner error: undefined
2026-04-27 19:02:26: Scanner error: undefined
2026-04-27 19:02:31: Scanner error: undefined
2026-04-27 19:02:35: Scanner error: undefined
2026-04-27 19:02:38: Scanner error: undefined
2026-04-27 19:02:42: Scanner error: undefined
2026-04-27 19:02:45: Scanner error: undefined
2026-04-27 19:02:48: Scanner error: undefined
2026-04-27 19:02:51: Scanner error: undefined
2026-04-27 19:02:55: Scanner error: undefined
2026-04-27 19:02:58: Scanner error: undefined
2026-04-27 19:03:03: Scanner error: undefined
2026-04-27 19:03:06: Scanner error: undefined
2026-04-27 19:03:10: Scanner error: undefined
2026-04-27 19:03:13: Scanner error: undefined
2026-04-27 19:03:16: Scanner error: undefined
2026-04-27 19:03:19: Scanner error: undefined
2026-04-27 19:03:23: Scanner error: undefined
2026-04-27 19:03:26: Scanner error: undefined
2026-04-27 19:03:29: Scanner error: undefined
2026-04-27 19:03:34: Scanner error: undefined
2026-04-27 19:03:38: Scanner error: undefined
2026-04-27 19:03:41: Scanner error: undefined
2026-04-27 19:03:44: Scanner error: undefined
2026-04-27 19:03:47: Scanner error: undefined
2026-04-27 19:03:51: Scanner error: undefined
2026-04-27 19:03:54: Scanner error: undefined
2026-04-27 19:03:57: Scanner error: undefined
2026-04-27 19:04:00: Scanner error: undefined
2026-04-27 19:04:04: Scanner error: undefined
2026-04-27 19:04:09: Scanner error: undefined
2026-04-27 19:04:12: Scanner error: undefined
2026-04-27 19:04:15: Scanner error: undefined
2026-04-27 19:04:19: Scanner error: undefined
2026-04-27 19:04:22: Scanner error: undefined
2026-04-27 19:04:25: Scanner error: undefined
2026-04-27 19:04:28: Scanner error: undefined
2026-04-27 19:04:32: Scanner error: undefined
2026-04-27 19:04:35: Scanner error: undefined
2026-04-27 19:04:40: Scanner error: undefined
2026-04-27 19:04:43: Scanner error: undefined
2026-04-27 19:04:47: Scanner error: undefined
2026-04-27 19:04:50: Scanner error: undefined
2026-04-27 19:04:53: Scanner error: undefined
2026-04-27 19:04:56: Scanner error: undefined
2026-04-27 19:05:00: Scanner error: undefined
2026-04-27 19:05:03: Scanner error: undefined
2026-04-27 19:05:06: Scanner error: undefined
2026-04-27 19:05:11: Scanner error: undefined
2026-04-27 19:05:15: Scanner error: undefined
2026-04-27 19:05:18: Scanner error: undefined
2026-04-27 19:05:21: Scanner error: undefined
2026-04-27 19:05:24: Scanner error: undefined
2026-04-27 19:05:28: Scanner error: undefined
2026-04-27 19:05:31: Scanner error: undefined
2026-04-27 19:05:34: Scanner error: undefined
2026-04-27 19:05:37: Scanner error: undefined
2026-04-27 19:05:43: Scanner error: undefined
2026-04-27 19:05:46: Scanner error: undefined
2026-04-27 19:05:49: Scanner error: undefined
2026-04-27 19:05:52: Scanner error: undefined
2026-04-27 19:05:56: Scanner error: undefined
2026-04-27 19:05:59: Scanner error: undefined
2026-04-27 19:06:02: Scanner error: undefined
2026-04-27 19:06:05: Scanner error: undefined
2026-04-27 19:06:09: Scanner error: undefined
2026-04-27 19:06:14: Scanner error: undefined
2026-04-27 19:06:17: Scanner error: undefined
2026-04-27 19:06:20: Scanner error: undefined
2026-04-27 19:06:24: Scanner error: undefined
2026-04-27 19:06:27: Scanner error: undefined
2026-04-27 19:06:30: Scanner error: undefined
2026-04-27 19:06:33: Scanner error: undefined
2026-04-27 19:06:37: Scanner error: undefined
2026-04-27 19:06:40: Scanner error: undefined
2026-04-27 19:06:43: Scanner error: undefined
2026-04-27 19:06:48: Scanner error: undefined
2026-04-27 19:06:52: Scanner error: undefined
2026-04-27 19:06:55: Scanner error: undefined
2026-04-27 19:06:58: Scanner error: undefined
2026-04-27 19:07:02: Scanner error: undefined
2026-04-27 19:07:05: Scanner error: undefined
2026-04-27 19:07:08: Scanner error: undefined
2026-04-27 19:07:11: Scanner error: undefined
2026-04-27 19:07:15: Scanner error: undefined
2026-04-27 19:07:20: Scanner error: undefined
2026-04-27 19:07:23: Scanner error: undefined
2026-04-27 19:07:26: Scanner error: undefined
2026-04-27 19:07:30: Scanner error: undefined
2026-04-27 19:07:33: Scanner error: undefined
2026-04-27 19:07:36: Scanner error: undefined
2026-04-27 19:07:39: Scanner error: undefined
2026-04-27 19:07:43: Scanner error: undefined
2026-04-27 19:07:46: Scanner error: undefined
2026-04-27 19:07:51: Scanner error: undefined
2026-04-27 19:07:54: Scanner error: undefined
2026-04-27 19:07:58: Scanner error: undefined
2026-04-27 19:08:01: Scanner error: undefined
2026-04-27 19:08:04: Scanner error: undefined
2026-04-27 19:08:07: Scanner error: undefined
2026-04-27 19:08:11: Scanner error: undefined
2026-04-27 19:08:14: Scanner error: undefined
2026-04-27 19:08:17: Scanner error: undefined
2026-04-27 19:08:22: Scanner error: undefined
2026-04-27 19:08:26: Scanner error: undefined
2026-04-27 19:08:29: Scanner error: undefined
2026-04-27 19:08:32: Scanner error: undefined
2026-04-27 19:08:35: Scanner error: undefined
2026-04-27 19:08:39: Scanner error: undefined
2026-04-27 19:08:42: Scanner error: undefined
2026-04-27 19:08:45: Scanner error: undefined
2026-04-27 19:08:48: Scanner error: undefined
2026-04-27 19:08:54: Scanner error: undefined
2026-04-27 19:08:57: Scanner error: undefined
2026-04-27 19:09:00: Scanner error: undefined
2026-04-27 19:09:03: Scanner error: undefined
2026-04-27 19:09:07: Scanner error: undefined
2026-04-27 19:09:10: Scanner error: undefined
2026-04-27 19:09:13: Scanner error: undefined
2026-04-27 19:09:16: Scanner error: undefined
2026-04-27 19:09:20: Scanner error: undefined
2026-04-27 19:09:23: Scanner error: undefined
2026-04-27 19:09:28: Scanner error: undefined
2026-04-27 19:09:31: Scanner error: undefined
2026-04-27 19:09:35: Scanner error: undefined
2026-04-27 19:09:38: Scanner error: undefined
2026-04-27 19:09:41: Scanner error: undefined
2026-04-27 19:09:45: Scanner error: undefined
2026-04-27 19:09:48: Scanner error: undefined
2026-04-27 19:09:51: Scanner error: undefined
2026-04-27 19:09:54: Scanner error: undefined
2026-04-27 19:09:59: Scanner error: undefined
2026-04-27 19:10:03: Scanner error: undefined
2026-04-27 19:10:06: Scanner error: undefined
2026-04-27 19:10:09: Scanner error: undefined
2026-04-27 19:10:12: Scanner error: undefined
2026-04-27 19:10:16: Scanner error: undefined
2026-04-27 19:10:19: Scanner error: undefined
2026-04-27 19:10:22: Scanner error: undefined
2026-04-27 19:10:26: Scanner error: undefined
2026-04-27 19:10:31: Scanner error: undefined
2026-04-27 19:10:34: Scanner error: undefined
2026-04-27 19:10:37: Scanner error: undefined
2026-04-27 19:10:41: Scanner error: undefined
2026-04-27 19:10:44: Scanner error: undefined
2026-04-27 19:10:47: Scanner error: undefined
2026-04-27 19:10:50: Scanner error: undefined
2026-04-27 19:10:54: Scanner error: undefined
2026-04-27 19:10:57: Scanner error: undefined
2026-04-27 19:11:02: Scanner error: undefined
2026-04-27 19:11:05: Scanner error: undefined
2026-04-27 19:11:08: Scanner error: undefined
2026-04-27 19:11:12: Scanner error: undefined
2026-04-27 19:11:15: Scanner error: undefined
2026-04-27 19:11:18: Scanner error: undefined
2026-04-27 19:11:21: Scanner error: undefined
2026-04-27 19:11:25: Scanner error: undefined
2026-04-27 19:11:28: Scanner error: undefined
2026-04-27 19:11:33: Scanner error: undefined
2026-04-27 19:11:36: Scanner error: undefined
2026-04-27 19:11:40: Scanner error: undefined
2026-04-27 19:11:43: Scanner error: undefined
2026-04-27 19:11:46: Scanner error: undefined
2026-04-27 19:11:49: Scanner error: undefined
2026-04-27 19:11:53: Scanner error: undefined
2026-04-27 19:11:56: Scanner error: undefined
2026-04-27 19:11:59: Scanner error: undefined
2026-04-27 19:12:03: Scanner error: undefined
2026-04-27 19:12:08: Scanner error: undefined
2026-04-27 19:12:11: Scanner error: undefined
2026-04-27 19:12:14: Scanner error: undefined
2026-04-27 19:12:18: Scanner error: undefined
2026-04-27 19:12:21: Scanner error: undefined
2026-04-27 19:12:24: Scanner error: undefined
2026-04-27 19:12:27: Scanner error: undefined
2026-04-27 19:12:31: Scanner error: undefined
2026-04-27 19:12:34: Scanner error: undefined
2026-04-27 19:12:39: Scanner error: undefined
2026-04-27 19:12:42: Scanner error: undefined
2026-04-27 19:12:46: Scanner error: undefined
2026-04-27 19:12:49: Scanner error: undefined
2026-04-27 19:12:52: Scanner error: undefined
2026-04-27 19:12:56: Scanner error: undefined
2026-04-27 19:12:59: Scanner error: undefined
2026-04-27 19:13:02: Scanner error: undefined
2026-04-27 19:13:06: Scanner error: undefined
2026-04-27 19:13:11: Scanner error: undefined
2026-04-27 19:13:14: Scanner error: undefined
2026-04-27 19:13:17: Scanner error: undefined
2026-04-27 19:13:20: Scanner error: undefined
2026-04-27 19:13:24: Scanner error: undefined
2026-04-27 19:13:27: Scanner error: undefined
2026-04-27 19:13:30: Scanner error: undefined
2026-04-27 19:13:34: Scanner error: undefined
2026-04-27 19:13:37: Scanner error: undefined
2026-04-27 19:13:42: Scanner error: undefined
2026-04-27 19:13:45: Scanner error: undefined
2026-04-27 19:13:49: Scanner error: undefined
2026-04-27 19:13:52: Scanner error: undefined
2026-04-27 19:13:55: Scanner error: undefined
2026-04-27 19:13:58: Scanner error: undefined
2026-04-27 19:14:01: Scanner error: undefined
2026-04-27 19:14:05: Scanner error: undefined
2026-04-27 19:14:08: Scanner error: undefined
2026-04-27 19:14:13: Scanner error: undefined
2026-04-27 19:14:16: Scanner error: undefined
2026-04-27 19:14:20: Scanner error: undefined
2026-04-27 19:14:23: Scanner error: undefined
2026-04-27 19:14:26: Scanner error: undefined
2026-04-27 19:14:29: Scanner error: undefined
2026-04-27 19:14:33: Scanner error: undefined
2026-04-27 19:14:36: Scanner error: undefined
2026-04-27 19:14:39: Scanner error: undefined
2026-04-27 19:14:42: Scanner error: undefined
2026-04-27 19:14:48: Scanner error: undefined
2026-04-27 19:14:51: Scanner error: undefined
2026-04-27 19:14:54: Scanner error: undefined
2026-04-27 19:14:58: Scanner error: undefined
2026-04-27 19:15:01: Scanner error: undefined
2026-04-27 19:15:04: Scanner error: undefined
2026-04-27 19:15:07: Scanner error: undefined
2026-04-27 19:15:11: Scanner error: undefined
2026-04-27 19:15:14: Scanner error: undefined
2026-04-27 19:15:19: Scanner error: undefined
2026-04-27 19:15:22: Scanner error: undefined
2026-04-27 19:15:26: Scanner error: undefined
2026-04-27 19:15:29: Scanner error: undefined
2026-04-27 19:15:32: Scanner error: undefined
2026-04-27 19:15:35: Scanner error: undefined
2026-04-27 19:15:39: Scanner error: undefined
2026-04-27 19:15:42: Scanner error: undefined
2026-04-27 19:15:45: Scanner error: undefined
2026-04-27 19:15:50: Scanner error: undefined
2026-04-27 19:15:54: Scanner error: undefined
2026-04-27 19:15:57: Scanner error: undefined
2026-04-27 19:16:00: Scanner error: undefined
2026-04-27 19:16:03: Scanner error: undefined
2026-04-27 19:16:07: Scanner error: undefined
2026-04-27 19:16:10: Scanner error: undefined
2026-04-27 19:16:13: Scanner error: undefined
2026-04-27 19:16:16: Scanner error: undefined
2026-04-27 19:16:22: Scanner error: undefined
2026-04-27 19:16:25: Scanner error: undefined
2026-04-27 19:16:28: Scanner error: undefined
2026-04-27 19:16:31: Scanner error: undefined
2026-04-27 19:16:35: Scanner error: undefined
2026-04-27 19:16:38: Scanner error: undefined
2026-04-27 19:16:41: Scanner error: undefined
2026-04-27 19:16:44: Scanner error: undefined
2026-04-27 19:16:48: Scanner error: undefined
2026-04-27 19:16:53: Scanner error: undefined
2026-04-27 19:16:56: Scanner error: undefined
2026-04-27 19:17:00: Scanner error: undefined
2026-04-27 19:17:03: Scanner error: undefined
2026-04-27 19:17:06: Scanner error: undefined
2026-04-27 19:17:10: Scanner error: undefined
2026-04-27 19:17:13: Scanner error: undefined
2026-04-27 19:17:16: Scanner error: undefined
2026-04-27 19:17:19: Scanner error: undefined
2026-04-27 19:17:23: Scanner error: undefined
2026-04-27 19:17:28: Scanner error: undefined
2026-04-27 19:17:31: Scanner error: undefined
2026-04-27 19:17:34: Scanner error: undefined
2026-04-27 19:17:38: Scanner error: undefined
2026-04-27 19:17:41: Scanner error: undefined
2026-04-27 19:17:44: Scanner error: undefined
2026-04-27 19:17:47: Scanner error: undefined
2026-04-27 19:17:51: Scanner error: undefined
2026-04-27 19:17:54: Scanner error: undefined
2026-04-27 19:17:59: Scanner error: undefined
2026-04-27 19:18:02: Scanner error: undefined
2026-04-27 19:18:06: Scanner error: undefined
2026-04-27 19:18:09: Scanner error: undefined
2026-04-27 19:18:12: Scanner error: undefined
2026-04-27 19:18:15: Scanner error: undefined
2026-04-27 19:18:19: Scanner error: undefined
2026-04-27 19:18:22: Scanner error: undefined
2026-04-27 19:18:25: Scanner error: undefined
2026-04-27 19:18:30: Scanner error: undefined
2026-04-27 19:18:34: Scanner error: undefined
2026-04-27 19:18:37: Scanner error: undefined
2026-04-27 19:18:40: Scanner error: undefined
2026-04-27 19:18:43: Scanner error: undefined
2026-04-27 19:18:47: Scanner error: undefined
2026-04-27 19:18:50: Scanner error: undefined
2026-04-27 19:18:53: Scanner error: undefined
2026-04-27 19:18:56: Scanner error: undefined
2026-04-27 19:19:02: Scanner error: undefined
2026-04-27 19:19:05: Scanner error: undefined
2026-04-27 19:19:08: Scanner error: undefined
2026-04-27 19:19:12: Scanner error: undefined
2026-04-27 19:19:15: Scanner error: undefined
2026-04-27 19:19:18: Scanner error: undefined
2026-04-27 19:19:21: Scanner error: undefined
2026-04-27 19:19:25: Scanner error: undefined
2026-04-27 19:19:28: Scanner error: undefined
2026-04-27 19:19:33: Scanner error: undefined
2026-04-27 19:19:36: Scanner error: undefined
2026-04-27 19:19:39: Scanner error: undefined
2026-04-27 19:19:43: Scanner error: undefined
2026-04-27 19:19:46: Scanner error: undefined
2026-04-27 19:19:49: Scanner error: undefined
2026-04-27 19:19:53: Scanner error: undefined
2026-04-27 19:19:56: Scanner error: undefined
2026-04-27 19:19:59: Scanner error: undefined
2026-04-27 19:20:03: Scanner error: undefined
2026-04-27 19:20:08: Scanner error: undefined
2026-04-27 19:20:11: Scanner error: undefined
2026-04-27 19:20:14: Scanner error: undefined
2026-04-27 19:20:17: Scanner error: undefined
2026-04-27 19:20:21: Scanner error: undefined
2026-04-27 19:20:24: Scanner error: undefined
2026-04-27 19:20:27: Scanner error: undefined
2026-04-27 19:20:30: Scanner error: undefined
2026-04-27 19:20:34: Scanner error: undefined
2026-04-27 19:20:39: Scanner error: undefined
2026-04-27 19:20:42: Scanner error: undefined
2026-04-27 19:20:45: Scanner error: undefined
2026-04-27 19:20:49: Scanner error: undefined
2026-04-27 19:20:52: Scanner error: undefined
2026-04-27 19:20:55: Scanner error: undefined
2026-04-27 19:20:58: Scanner error: undefined
2026-04-27 19:21:02: Scanner error: undefined
2026-04-27 19:21:05: Scanner error: undefined
2026-04-27 19:21:10: Scanner error: undefined
2026-04-27 19:21:13: Scanner error: undefined
2026-04-27 19:21:17: Scanner error: undefined
2026-04-27 19:21:20: Scanner error: undefined
2026-04-27 19:21:23: Scanner error: undefined
2026-04-27 19:21:26: Scanner error: undefined
2026-04-27 19:21:30: Scanner error: undefined
2026-04-27 19:21:33: Scanner error: undefined
2026-04-27 19:21:36: Scanner error: undefined
2026-04-27 19:21:41: Scanner error: undefined
2026-04-27 19:21:45: Scanner error: undefined
2026-04-27 19:21:48: Scanner error: undefined
2026-04-27 19:21:51: Scanner error: undefined
2026-04-27 19:21:54: Scanner error: undefined
2026-04-27 19:21:58: Scanner error: undefined
2026-04-27 19:22:01: Scanner error: undefined
2026-04-27 19:22:04: Scanner error: undefined
2026-04-27 19:22:07: Scanner error: undefined
2026-04-27 19:22:13: Scanner error: undefined
2026-04-27 19:22:16: Scanner error: undefined
2026-04-27 19:22:19: Scanner error: undefined
2026-04-27 19:22:22: Scanner error: undefined
2026-04-27 19:22:26: Scanner error: undefined
2026-04-27 19:22:29: Scanner error: undefined
2026-04-27 19:22:32: Scanner error: undefined
2026-04-27 19:22:35: Scanner error: undefined
2026-04-27 19:22:39: Scanner error: undefined
2026-04-27 19:22:42: Scanner error: undefined
2026-04-27 19:22:47: Scanner error: undefined
2026-04-27 19:22:50: Scanner error: undefined
2026-04-27 19:22:54: Scanner error: undefined
2026-04-27 19:22:57: Scanner error: undefined
2026-04-27 19:23:00: Scanner error: undefined
2026-04-27 19:23:03: Scanner error: undefined
2026-04-27 19:23:07: Scanner error: undefined
2026-04-27 19:23:10: Scanner error: undefined
2026-04-27 19:23:13: Scanner error: undefined
2026-04-27 19:23:18: Scanner error: undefined
2026-04-27 19:23:22: Scanner error: undefined
2026-04-27 19:23:25: Scanner error: undefined
2026-04-27 19:23:28: Scanner error: undefined
2026-04-27 19:23:32: Scanner error: undefined
2026-04-27 19:23:35: Scanner error: undefined
2026-04-27 19:23:38: Scanner error: undefined
2026-04-27 19:23:41: Scanner error: undefined
2026-04-27 19:23:45: Scanner error: undefined
2026-04-27 19:23:50: Scanner error: undefined
2026-04-27 19:23:53: Scanner error: undefined
2026-04-27 19:23:56: Scanner error: undefined
2026-04-27 19:24:00: Scanner error: undefined
2026-04-27 19:24:03: Scanner error: undefined
2026-04-27 19:24:06: Scanner error: undefined
2026-04-27 19:24:09: Scanner error: undefined
2026-04-27 19:24:13: Scanner error: undefined
2026-04-27 19:24:16: Scanner error: undefined
2026-04-27 19:24:21: Scanner error: undefined
2026-04-27 19:24:24: Scanner error: undefined
2026-04-27 19:24:28: Scanner error: undefined
2026-04-27 19:24:31: Scanner error: undefined
2026-04-27 19:24:34: Scanner error: undefined
2026-04-27 19:24:37: Scanner error: undefined
2026-04-27 19:24:41: Scanner error: undefined
2026-04-27 19:24:44: Scanner error: undefined
2026-04-27 19:24:47: Scanner error: undefined
2026-04-27 19:24:52: Scanner error: undefined
2026-04-27 19:24:56: Scanner error: undefined
2026-04-27 19:24:59: Scanner error: undefined
2026-04-27 19:25:02: Scanner error: undefined
2026-04-27 19:25:05: Scanner error: undefined
2026-04-27 19:25:09: Scanner error: undefined
2026-04-27 19:25:12: Scanner error: undefined
2026-04-27 19:25:15: Scanner error: undefined
2026-04-27 19:25:19: Scanner error: undefined
2026-04-27 19:25:22: Scanner error: undefined
2026-04-27 19:25:27: Scanner error: undefined
2026-04-27 19:25:30: Scanner error: undefined
2026-04-27 19:25:34: Scanner error: undefined
2026-04-27 19:25:37: Scanner error: undefined
2026-04-27 19:25:40: Scanner error: undefined
2026-04-27 19:25:43: Scanner error: undefined
2026-04-27 19:25:47: Scanner error: undefined
2026-04-27 19:25:50: Scanner error: undefined
2026-04-27 19:25:53: Scanner error: undefined
2026-04-27 19:25:59: Scanner error: undefined
2026-04-27 19:26:02: Scanner error: undefined
2026-04-27 19:26:05: Scanner error: undefined
2026-04-27 19:26:08: Scanner error: undefined
2026-04-27 19:26:12: Scanner error: undefined
2026-04-27 19:26:15: Scanner error: undefined
2026-04-27 19:26:18: Scanner error: undefined
2026-04-27 19:26:21: Scanner error: undefined
2026-04-27 19:26:25: Scanner error: undefined
2026-04-27 19:26:30: Scanner error: undefined
2026-04-27 19:26:33: Scanner error: undefined
2026-04-27 19:26:36: Scanner error: undefined
2026-04-27 19:26:40: Scanner error: undefined
2026-04-27 19:26:43: Scanner error: undefined
2026-04-27 19:26:46: Scanner error: undefined
2026-04-27 19:26:49: Scanner error: undefined
2026-04-27 19:26:53: Scanner error: undefined
2026-04-27 19:26:56: Scanner error: undefined
2026-04-27 19:27:01: Scanner error: undefined
2026-04-27 19:27:04: Scanner error: undefined
2026-04-27 19:27:08: Scanner error: undefined
2026-04-27 19:27:11: Scanner error: undefined
2026-04-27 19:27:14: Scanner error: undefined
2026-04-27 19:27:17: Scanner error: undefined
2026-04-27 19:27:21: Scanner error: undefined
2026-04-27 19:27:24: Scanner error: undefined
2026-04-27 19:27:27: Scanner error: undefined
2026-04-27 19:27:32: Scanner error: undefined
2026-04-27 19:27:36: Scanner error: undefined
2026-04-27 19:27:39: Scanner error: undefined
2026-04-27 19:27:42: Scanner error: undefined
2026-04-27 19:27:46: Scanner error: undefined
2026-04-27 19:27:49: Scanner error: undefined
2026-04-27 19:27:52: Scanner error: undefined
2026-04-27 19:27:55: Scanner error: undefined
2026-04-27 19:27:59: Scanner error: undefined
2026-04-27 19:28:04: Scanner error: undefined
2026-04-27 19:28:07: Scanner error: undefined
2026-04-27 19:28:10: Scanner error: undefined
2026-04-27 19:28:14: Scanner error: undefined
2026-04-27 19:28:17: Scanner error: undefined
2026-04-27 19:28:20: Scanner error: undefined
2026-04-27 19:28:23: Scanner error: undefined
2026-04-27 19:28:27: Scanner error: undefined
2026-04-27 19:28:30: Scanner error: undefined
2026-04-27 19:28:33: Scanner error: undefined
2026-04-27 19:28:38: Scanner error: undefined
2026-04-27 19:28:42: Scanner error: undefined
2026-04-27 19:28:45: Scanner error: undefined
2026-04-27 19:28:48: Scanner error: undefined
2026-04-27 19:28:51: Scanner error: undefined
2026-04-27 19:28:55: Scanner error: undefined
2026-04-27 19:28:58: Scanner error: undefined
2026-04-27 19:29:01: Scanner error: undefined
2026-04-27 19:29:04: Scanner error: undefined
2026-04-27 19:29:10: Scanner error: undefined
2026-04-27 19:29:13: Scanner error: undefined
2026-04-27 19:29:16: Scanner error: undefined
2026-04-27 19:29:19: Scanner error: undefined
2026-04-27 19:29:23: Scanner error: undefined
2026-04-27 19:29:26: Scanner error: undefined
2026-04-27 19:29:29: Scanner error: undefined
2026-04-27 19:29:32: Scanner error: undefined
2026-04-27 19:29:36: Scanner error: undefined
2026-04-27 19:29:41: Scanner error: undefined
2026-04-27 19:29:44: Scanner error: undefined
2026-04-27 19:29:47: Scanner error: undefined
2026-04-27 19:29:51: Scanner error: undefined
2026-04-27 19:29:54: Scanner error: undefined
2026-04-27 19:29:57: Scanner error: undefined
2026-04-27 19:30:00: Scanner error: undefined
2026-04-27 19:30:04: Scanner error: undefined
2026-04-27 19:30:07: Scanner error: undefined
2026-04-27 19:30:12: Scanner error: undefined
2026-04-27 19:30:16: Scanner error: undefined
2026-04-27 19:30:19: Scanner error: undefined
2026-04-27 19:30:22: Scanner error: undefined
2026-04-27 19:30:25: Scanner error: undefined
2026-04-27 19:30:29: Scanner error: undefined
2026-04-27 19:30:32: Scanner error: undefined
2026-04-27 19:30:35: Scanner error: undefined
2026-04-27 19:30:38: Scanner error: undefined
2026-04-27 19:30:44: Scanner error: undefined
2026-04-27 19:30:47: Scanner error: undefined
2026-04-27 19:30:50: Scanner error: undefined
2026-04-27 19:30:54: Scanner error: undefined
2026-04-27 19:30:57: Scanner error: undefined
2026-04-27 19:31:00: Scanner error: undefined
2026-04-27 19:31:03: Scanner error: undefined
2026-04-27 19:31:07: Scanner error: undefined
2026-04-27 19:31:10: Scanner error: undefined
2026-04-27 19:31:13: Scanner error: undefined
2026-04-27 19:31:18: Scanner error: undefined
2026-04-27 19:31:22: Scanner error: undefined
2026-04-27 19:31:25: Scanner error: undefined
2026-04-27 19:31:28: Scanner error: undefined
2026-04-27 19:31:31: Scanner error: undefined
2026-04-27 19:31:35: Scanner error: undefined
2026-04-27 19:31:38: Scanner error: undefined
2026-04-27 19:31:41: Scanner error: undefined
2026-04-27 19:31:44: Scanner error: undefined
2026-04-27 19:31:50: Scanner error: undefined
2026-04-27 19:31:53: Scanner error: undefined
2026-04-27 19:31:56: Scanner error: undefined
2026-04-27 19:31:59: Scanner error: undefined
2026-04-27 19:32:03: Scanner error: undefined
2026-04-27 19:32:06: Scanner error: undefined
2026-04-27 19:32:09: Scanner error: undefined
2026-04-27 19:32:12: Scanner error: undefined
2026-04-27 19:32:16: Scanner error: undefined
2026-04-27 19:32:21: Scanner error: undefined
2026-04-27 19:32:24: Scanner error: undefined
2026-04-27 19:32:28: Scanner error: undefined
2026-04-27 19:32:31: Scanner error: undefined
2026-04-27 19:32:34: Scanner error: undefined
2026-04-27 19:32:37: Scanner error: undefined
2026-04-27 19:32:41: Scanner error: undefined
2026-04-27 19:32:44: Scanner error: undefined
2026-04-27 19:32:47: Scanner error: undefined
2026-04-27 19:32:52: Scanner error: undefined
2026-04-27 19:32:56: Scanner error: undefined
2026-04-27 19:32:59: Scanner error: undefined
2026-04-27 19:33:02: Scanner error: undefined
2026-04-27 19:33:05: Scanner error: undefined
2026-04-27 19:33:09: Scanner error: undefined
2026-04-27 19:33:12: Scanner error: undefined
2026-04-27 19:33:15: Scanner error: undefined
2026-04-27 19:33:18: Scanner error: undefined
2026-04-27 19:33:24: Scanner error: undefined
2026-04-27 19:33:27: Scanner error: undefined
2026-04-27 19:33:30: Scanner error: undefined
2026-04-27 19:33:33: Scanner error: undefined
2026-04-27 19:33:37: Scanner error: undefined
2026-04-27 19:33:40: Scanner error: undefined
2026-04-27 19:33:43: Scanner error: undefined
2026-04-27 19:33:46: Scanner error: undefined
2026-04-27 19:33:50: Scanner error: undefined
2026-04-27 19:33:53: Scanner error: undefined
2026-04-27 19:33:58: Scanner error: undefined
2026-04-27 19:34:01: Scanner error: undefined
2026-04-27 19:34:05: Scanner error: undefined
2026-04-27 19:34:08: Scanner error: undefined
2026-04-27 19:34:11: Scanner error: undefined
2026-04-27 19:34:14: Scanner error: undefined
2026-04-27 19:34:18: Scanner error: undefined
2026-04-27 19:34:21: Scanner error: undefined
2026-04-27 19:34:24: Scanner error: undefined
2026-04-27 19:34:29: Scanner error: undefined
2026-04-27 19:34:33: Scanner error: undefined
2026-04-27 19:34:36: Scanner error: undefined
2026-04-27 19:34:39: Scanner error: undefined
2026-04-27 19:34:42: Scanner error: undefined
2026-04-27 19:34:46: Scanner error: undefined
2026-04-27 19:34:49: Scanner error: undefined
2026-04-27 19:34:52: Scanner error: undefined
2026-04-27 19:34:55: Scanner error: undefined
2026-04-27 19:35:01: Scanner error: undefined
2026-04-27 19:35:04: Scanner error: undefined
2026-04-27 19:35:07: Scanner error: undefined
2026-04-27 19:35:11: Scanner error: undefined
2026-04-27 19:35:14: Scanner error: undefined
2026-04-27 19:35:17: Scanner error: undefined
2026-04-27 19:35:20: Scanner error: undefined
2026-04-27 19:35:24: Scanner error: undefined
2026-04-27 19:35:27: Scanner error: undefined
2026-04-27 19:35:32: Scanner error: undefined
2026-04-27 19:35:35: Scanner error: undefined
2026-04-27 19:35:39: Scanner error: undefined
2026-04-27 19:35:42: Scanner error: undefined
2026-04-27 19:35:45: Scanner error: undefined
2026-04-27 19:35:48: Scanner error: undefined
2026-04-27 19:35:52: Scanner error: undefined
2026-04-27 19:35:55: Scanner error: undefined
2026-04-27 19:35:58: Scanner error: undefined
2026-04-27 19:36:03: Scanner error: undefined
2026-04-27 19:36:07: Scanner error: undefined
2026-04-27 19:36:10: Scanner error: undefined
2026-04-27 19:36:13: Scanner error: undefined
2026-04-27 19:36:16: Scanner error: undefined
2026-04-27 19:36:20: Scanner error: undefined
2026-04-27 19:36:23: Scanner error: undefined
2026-04-27 19:36:26: Scanner error: undefined
2026-04-27 19:36:30: Scanner error: undefined
2026-04-27 19:36:33: Scanner error: undefined
2026-04-27 19:36:38: Scanner error: undefined
2026-04-27 19:36:41: Scanner error: undefined
2026-04-27 19:36:45: Scanner error: undefined
2026-04-27 19:36:48: Scanner error: undefined
2026-04-27 19:36:51: Scanner error: undefined
2026-04-27 19:36:54: Scanner error: undefined
2026-04-27 19:36:58: Scanner error: undefined
2026-04-27 19:37:01: Scanner error: undefined
2026-04-27 19:37:04: Scanner error: undefined
2026-04-27 19:37:10: Scanner error: undefined
2026-04-27 19:37:13: Scanner error: undefined
2026-04-27 19:37:16: Scanner error: undefined
2026-04-27 19:37:19: Scanner error: undefined
2026-04-27 19:37:23: Scanner error: undefined
2026-04-27 19:37:26: Scanner error: undefined
2026-04-27 19:37:29: Scanner error: undefined
2026-04-27 19:37:32: Scanner error: undefined
2026-04-27 19:37:36: Scanner error: undefined
2026-04-27 19:37:41: Scanner error: undefined
2026-04-27 19:37:44: Scanner error: undefined
2026-04-27 19:37:47: Scanner error: undefined
2026-04-27 19:37:51: Scanner error: undefined
2026-04-27 19:37:54: Scanner error: undefined
2026-04-27 19:37:57: Scanner error: undefined
2026-04-27 19:38:00: Scanner error: undefined
2026-04-27 19:38:04: Scanner error: undefined
2026-04-27 19:38:07: Scanner error: undefined
2026-04-27 19:38:12: Scanner error: undefined
2026-04-27 19:38:15: Scanner error: undefined
2026-04-27 19:38:19: Scanner error: undefined
2026-04-27 19:38:22: Scanner error: undefined
2026-04-27 19:38:25: Scanner error: undefined
2026-04-27 19:38:28: Scanner error: undefined
2026-04-27 19:38:32: Scanner error: undefined
2026-04-27 19:38:35: Scanner error: undefined
2026-04-27 19:38:38: Scanner error: undefined
2026-04-27 19:38:42: Scanner error: undefined
2026-04-27 19:38:45: Scanner error: undefined
2026-04-27 19:38:49: Scanner error: undefined
2026-04-27 19:38:52: Scanner error: undefined
2026-04-27 19:38:55: Scanner error: undefined
2026-04-27 19:39:00: Scanner error: undefined
2026-04-27 19:39:04: Scanner error: undefined
2026-04-27 19:39:07: Scanner error: undefined
2026-04-27 19:39:10: Scanner error: undefined
2026-04-27 19:39:14: Scanner error: undefined
2026-04-27 19:39:18: Scanner error: undefined
2026-04-27 19:39:21: Scanner error: undefined
2026-04-27 19:39:24: Scanner error: undefined
2026-04-27 19:39:28: Scanner error: undefined
2026-04-27 19:39:31: Scanner error: undefined
2026-04-27 19:39:34: Scanner error: undefined
2026-04-27 19:39:38: Scanner error: undefined
2026-04-27 19:39:41: Scanner error: undefined
2026-04-27 19:39:44: Scanner error: undefined
2026-04-27 19:39:49: Scanner error: undefined
2026-04-27 19:39:53: Scanner error: undefined
2026-04-27 19:39:56: Scanner error: undefined
2026-04-27 19:39:59: Scanner error: undefined
2026-04-27 19:40:02: Scanner error: undefined
2026-04-27 19:40:06: Scanner error: undefined
2026-04-27 19:40:09: Scanner error: undefined
2026-04-27 19:40:12: Scanner error: undefined
2026-04-27 19:40:15: Scanner error: undefined
2026-04-27 19:40:21: Scanner error: undefined
2026-04-27 19:40:24: Scanner error: undefined
2026-04-27 19:40:27: Scanner error: undefined
2026-04-27 19:40:30: Scanner error: undefined
2026-04-27 19:40:34: Scanner error: undefined
2026-04-27 19:40:37: Scanner error: undefined
2026-04-27 19:40:40: Scanner error: undefined
2026-04-27 19:40:43: Scanner error: undefined
2026-04-27 19:40:47: Scanner error: undefined
2026-04-27 19:40:52: Scanner error: undefined
2026-04-27 19:40:55: Scanner error: undefined
2026-04-27 19:40:58: Scanner error: undefined
2026-04-27 19:41:02: Scanner error: undefined
2026-04-27 19:41:05: Scanner error: undefined
2026-04-27 19:41:08: Scanner error: undefined
2026-04-27 19:41:11: Scanner error: undefined
2026-04-27 19:41:15: Scanner error: undefined
2026-04-27 19:41:18: Scanner error: undefined
2026-04-27 19:41:23: Scanner error: undefined
2026-04-27 19:41:26: Scanner error: undefined
2026-04-27 19:41:30: Scanner error: undefined
2026-04-27 19:41:33: Scanner error: undefined
2026-04-27 19:41:36: Scanner error: undefined
2026-04-27 19:41:39: Scanner error: undefined
2026-04-27 19:41:43: Scanner error: undefined
2026-04-27 19:41:46: Scanner error: undefined
2026-04-27 19:41:49: Scanner error: undefined
2026-04-27 19:41:52: Scanner error: undefined
2026-04-27 19:41:58: Scanner error: undefined
2026-04-27 19:42:01: Scanner error: undefined
2026-04-27 19:42:04: Scanner error: undefined
2026-04-27 19:42:07: Scanner error: undefined
2026-04-27 19:42:11: Scanner error: undefined
2026-04-27 19:42:14: Scanner error: undefined
2026-04-27 19:42:17: Scanner error: undefined
2026-04-27 19:42:20: Scanner error: undefined
2026-04-27 19:42:24: Scanner error: undefined
2026-04-27 19:42:29: Scanner error: undefined
2026-04-27 19:42:32: Scanner error: undefined
2026-04-27 19:42:35: Scanner error: undefined
2026-04-27 19:42:39: Scanner error: undefined
2026-04-27 19:42:42: Scanner error: undefined
2026-04-27 19:42:45: Scanner error: undefined
2026-04-27 19:42:48: Scanner error: undefined
2026-04-27 19:42:52: Scanner error: undefined
2026-04-27 22:57:23: Scanner error: undefined
2026-04-27 22:57:26: Scanner error: undefined
2026-04-27 22:57:30: Scanner error: undefined
2026-04-27 22:57:34: Scanner error: undefined
2026-04-27 22:57:37: Scanner error: undefined
2026-04-27 22:57:40: Scanner error: undefined
2026-04-27 22:57:44: Scanner error: undefined
2026-04-27 22:57:47: Scanner error: undefined
2026-04-27 22:57:51: Scanner error: undefined
2026-04-27 22:57:55: Scanner error: undefined
2026-04-27 22:57:58: Scanner error: undefined
2026-04-27 22:58:02: Scanner error: undefined
2026-04-27 22:58:05: Scanner error: undefined
2026-04-27 22:58:08: Scanner error: undefined
2026-04-27 22:58:12: Scanner error: undefined
2026-04-27 22:58:15: Scanner error: undefined
2026-04-27 22:58:18: Scanner error: undefined
2026-04-27 22:58:22: Scanner error: undefined
2026-04-27 22:58:27: Scanner error: undefined
2026-04-27 22:58:30: Scanner error: undefined
2026-04-27 22:58:33: Scanner error: undefined
2026-04-27 22:58:37: Scanner error: undefined
2026-04-27 22:58:40: Scanner error: undefined
2026-04-27 22:58:43: Scanner error: undefined
2026-04-27 22:58:46: Scanner error: undefined
2026-04-27 22:58:50: Scanner error: undefined
2026-04-27 22:58:53: Scanner error: undefined
2026-04-27 22:58:57: Scanner error: undefined
2026-04-27 22:59:00: Scanner error: undefined
2026-04-27 22:59:04: Scanner error: undefined
2026-04-27 22:59:07: Scanner error: undefined
2026-04-27 22:59:10: Scanner error: undefined
2026-04-27 22:59:13: Scanner error: undefined
2026-04-27 22:59:17: Scanner error: undefined
2026-04-27 22:59:20: Scanner error: undefined
2026-04-27 22:59:23: Scanner error: undefined
2026-04-27 22:59:27: Scanner error: undefined
2026-04-27 22:59:31: Scanner error: undefined
2026-04-27 22:59:34: Scanner error: undefined
2026-04-27 22:59:37: Scanner error: undefined
2026-04-27 22:59:40: Scanner error: undefined
2026-04-27 22:59:44: Scanner error: undefined
2026-04-27 22:59:47: Scanner error: undefined
2026-04-27 22:59:50: Scanner error: undefined
2026-04-27 22:59:54: Scanner error: undefined
2026-04-27 22:59:57: Scanner error: undefined
2026-04-27 23:00:01: Scanner error: undefined
2026-04-27 23:00:04: Scanner error: undefined
2026-04-27 23:00:07: Scanner error: undefined
2026-04-27 23:00:11: Scanner error: undefined
2026-04-27 23:00:14: Scanner error: undefined
2026-04-27 23:00:17: Scanner error: undefined
2026-04-27 23:00:20: Scanner error: undefined
2026-04-27 23:00:24: Scanner error: undefined
2026-04-27 23:00:28: Scanner error: undefined
2026-04-27 23:00:31: Scanner error: undefined
2026-04-27 23:00:35: Scanner error: undefined
2026-04-27 23:00:38: Scanner error: undefined
2026-04-27 23:00:41: Scanner error: undefined
2026-04-27 23:00:45: Scanner error: undefined
2026-04-27 23:00:48: Scanner error: undefined
2026-04-27 23:00:51: Scanner error: undefined
2026-04-27 23:00:54: Scanner error: undefined
2026-04-27 23:00:58: Scanner error: undefined
2026-04-27 23:01:01: Scanner error: undefined
2026-04-27 23:01:05: Scanner error: undefined
2026-04-27 23:01:08: Scanner error: undefined
2026-04-27 23:01:11: Scanner error: undefined
2026-04-27 23:01:15: Scanner error: undefined
2026-04-27 23:01:18: Scanner error: undefined
2026-04-27 23:01:21: Scanner error: undefined
2026-04-27 23:01:25: Scanner error: undefined
2026-04-27 23:01:29: Scanner error: undefined
2026-04-27 23:01:32: Scanner error: undefined
2026-04-27 23:01:35: Scanner error: undefined
2026-04-27 23:01:39: Scanner error: undefined
2026-04-27 23:01:42: Scanner error: undefined
2026-04-27 23:01:45: Scanner error: undefined
2026-04-27 23:01:49: Scanner error: undefined
2026-04-27 23:01:52: Scanner error: undefined
2026-04-27 23:01:55: Scanner error: undefined
2026-04-27 23:01:59: Scanner error: undefined
2026-04-27 23:02:02: Scanner error: undefined
2026-04-27 23:02:06: Scanner error: undefined
2026-04-27 23:02:09: Scanner error: undefined
2026-04-27 23:02:12: Scanner error: undefined
2026-04-27 23:02:15: Scanner error: undefined
2026-04-27 23:02:19: Scanner error: undefined
2026-04-27 23:02:22: Scanner error: undefined
2026-04-27 23:02:25: Scanner error: undefined
2026-04-27 23:02:29: Scanner error: undefined
2026-04-27 23:02:33: Scanner error: undefined
2026-04-27 23:02:36: Scanner error: undefined
2026-04-27 23:02:39: Scanner error: undefined
2026-04-27 23:02:42: Scanner error: undefined
2026-04-27 23:02:46: Scanner error: undefined
2026-04-27 23:02:49: Scanner error: undefined
2026-04-27 23:02:52: Scanner error: undefined
2026-04-27 23:02:56: Scanner error: undefined
2026-04-27 23:02:59: Scanner error: undefined
2026-04-27 23:03:03: Scanner error: undefined
2026-04-27 23:03:06: Scanner error: undefined
2026-04-27 23:03:09: Scanner error: undefined
2026-04-27 23:03:13: Scanner error: undefined
2026-04-27 23:03:16: Scanner error: undefined
2026-04-27 23:03:19: Scanner error: undefined
2026-04-27 23:03:23: Scanner error: undefined
2026-04-27 23:03:26: Scanner error: undefined
2026-04-27 23:03:29: Scanner error: undefined
2026-04-27 23:03:33: Scanner error: undefined
2026-04-27 23:03:36: Scanner error: undefined
2026-04-27 23:03:39: Scanner error: undefined
2026-04-27 23:03:43: Scanner error: undefined
2026-04-27 23:03:46: Scanner error: undefined
2026-04-27 23:03:49: Scanner error: undefined
2026-04-27 23:03:53: Scanner error: undefined
2026-04-27 23:03:56: Scanner error: undefined
2026-04-27 23:03:59: Scanner error: undefined
2026-04-27 23:04:03: Scanner error: undefined
2026-04-27 23:04:06: Scanner error: undefined
2026-04-27 23:04:09: Scanner error: undefined
2026-04-27 23:04:13: Scanner error: undefined
2026-04-27 23:04:16: Scanner error: undefined
2026-04-27 23:04:19: Scanner error: undefined
2026-04-27 23:04:23: Scanner error: undefined
2026-04-27 23:04:26: Scanner error: undefined
2026-04-27 23:04:30: Scanner error: undefined
2026-04-27 23:04:34: Scanner error: undefined
2026-04-27 23:04:37: Scanner error: undefined
2026-04-27 23:04:40: Scanner error: undefined
2026-04-27 23:04:43: Scanner error: undefined
2026-04-27 23:04:47: Scanner error: undefined
2026-04-27 23:04:50: Scanner error: undefined
2026-04-27 23:04:53: Scanner error: undefined
2026-04-27 23:04:57: Scanner error: undefined
2026-04-27 23:05:00: Scanner error: undefined
2026-04-27 23:05:03: Scanner error: undefined
2026-04-27 23:05:07: Scanner error: undefined
2026-04-27 23:05:10: Scanner error: undefined
2026-04-27 23:05:13: Scanner error: undefined
2026-04-27 23:05:17: Scanner error: undefined
2026-04-27 23:05:20: Scanner error: undefined
2026-04-27 23:05:23: Scanner error: undefined
2026-04-27 23:05:27: Scanner error: undefined
2026-04-27 23:05:30: Scanner error: undefined
2026-04-27 23:05:34: Scanner error: undefined
2026-04-27 23:05:37: Scanner error: undefined
2026-04-27 23:05:41: Scanner error: undefined
2026-04-27 23:05:44: Scanner error: undefined
2026-04-27 23:05:47: Scanner error: undefined
2026-04-27 23:05:50: Scanner error: undefined
2026-04-27 23:05:54: Scanner error: undefined
2026-04-27 23:05:57: Scanner error: undefined
2026-04-27 23:06:00: Scanner error: undefined
2026-04-27 23:06:04: Scanner error: undefined
2026-04-27 23:06:07: Scanner error: undefined
2026-04-27 23:06:10: Scanner error: undefined
2026-04-27 23:06:14: Scanner error: undefined
2026-04-27 23:06:17: Scanner error: undefined
2026-04-27 23:06:20: Scanner error: undefined
2026-04-27 23:06:24: Scanner error: undefined
2026-04-27 23:06:27: Scanner error: undefined
2026-04-27 23:06:30: Scanner error: undefined
2026-04-27 23:06:34: Scanner error: undefined
2026-04-27 23:06:37: Scanner error: undefined
2026-04-27 23:06:41: Scanner error: undefined
2026-04-27 23:06:44: Scanner error: undefined
2026-04-27 23:06:47: Scanner error: undefined
2026-04-27 23:06:50: Scanner error: undefined
2026-04-27 23:06:54: Scanner error: undefined
2026-04-27 23:06:57: Scanner error: undefined
2026-04-27 23:07:00: Scanner error: undefined
2026-04-27 23:07:04: Scanner error: undefined
2026-04-27 23:07:07: Scanner error: undefined
2026-04-27 23:07:11: Scanner error: undefined
2026-04-27 23:07:14: Scanner error: undefined
2026-04-27 23:07:17: Scanner error: undefined
2026-04-27 23:07:21: Scanner error: undefined
2026-04-27 23:07:24: Scanner error: undefined
2026-04-27 23:07:27: Scanner error: undefined
2026-04-27 23:07:30: Scanner error: undefined
2026-04-27 23:07:34: Scanner error: undefined
2026-04-27 23:07:37: Scanner error: undefined
2026-04-27 23:07:41: Scanner error: undefined
2026-04-27 23:07:44: Scanner error: undefined
2026-04-27 23:07:47: Scanner error: undefined
2026-04-27 23:07:51: Scanner error: undefined
2026-04-27 23:07:54: Scanner error: undefined
2026-04-27 23:07:57: Scanner error: undefined
2026-04-27 23:08:00: Scanner error: undefined
2026-04-27 23:08:04: Scanner error: undefined
2026-04-27 23:08:07: Scanner error: undefined
2026-04-27 23:08:10: Scanner error: undefined
2026-04-27 23:08:14: Scanner error: undefined
2026-04-27 23:08:17: Scanner error: undefined
2026-04-27 23:08:20: Scanner error: undefined
2026-04-27 23:08:24: Scanner error: undefined
2026-04-27 23:08:27: Scanner error: undefined
2026-04-27 23:08:30: Scanner error: undefined
2026-04-27 23:08:34: Scanner error: undefined
2026-04-27 23:08:37: Scanner error: undefined
2026-04-27 23:08:41: Scanner error: undefined
2026-04-27 23:08:44: Scanner error: undefined
2026-04-27 23:08:47: Scanner error: undefined
2026-04-27 23:08:50: Scanner error: undefined
2026-04-27 23:08:54: Scanner error: undefined
2026-04-27 23:08:57: Scanner error: undefined
2026-04-27 23:09:00: Scanner error: undefined
2026-04-27 23:09:04: Scanner error: undefined
2026-04-27 23:09:07: Scanner error: undefined
2026-04-27 23:09:10: Scanner error: undefined
2026-04-27 23:09:14: Scanner error: undefined
2026-04-27 23:09:17: Scanner error: undefined
2026-04-27 23:09:20: Scanner error: undefined
2026-04-27 23:09:24: Scanner error: undefined
2026-04-27 23:09:27: Scanner error: undefined
2026-04-27 23:09:30: Scanner error: undefined
2026-04-27 23:09:34: Scanner error: undefined
2026-04-27 23:09:37: Scanner error: undefined
2026-04-27 23:09:40: Scanner error: undefined
2026-04-27 23:09:44: Scanner error: undefined
2026-04-27 23:09:47: Scanner error: undefined
2026-04-27 23:09:50: Scanner error: undefined
2026-04-27 23:09:53: Scanner error: undefined
2026-04-27 23:09:57: Scanner error: undefined
2026-04-27 23:10:00: Scanner error: undefined
2026-04-27 23:10:03: Scanner error: undefined
2026-04-27 23:10:07: Scanner error: undefined
2026-04-27 23:10:10: Scanner error: undefined
2026-04-27 23:10:13: Scanner error: undefined
2026-04-27 23:10:17: Scanner error: undefined
2026-04-27 23:10:20: Scanner error: undefined
2026-04-27 23:10:23: Scanner error: undefined
2026-04-27 23:10:27: Scanner error: undefined
2026-04-27 23:10:30: Scanner error: undefined
2026-04-27 23:10:33: Scanner error: undefined
2026-04-27 23:10:37: Scanner error: undefined
2026-04-27 23:10:40: Scanner error: undefined
2026-04-27 23:10:43: Scanner error: undefined
2026-04-27 23:10:46: Scanner error: undefined
2026-04-27 23:10:50: Scanner error: undefined
2026-04-27 23:10:53: Scanner error: undefined
2026-04-27 23:10:56: Scanner error: undefined
2026-04-27 23:11:00: Scanner error: undefined
2026-04-27 23:11:03: Scanner error: undefined
2026-04-27 23:11:06: Scanner error: undefined
2026-04-27 23:11:10: Scanner error: undefined
2026-04-27 23:11:13: Scanner error: undefined
2026-04-27 23:11:16: Scanner error: undefined
2026-04-27 23:11:20: Scanner error: undefined
2026-04-27 23:11:23: Scanner error: undefined
2026-04-27 23:11:26: Scanner error: undefined
2026-04-27 23:11:29: Scanner error: undefined
2026-04-27 23:11:33: Scanner error: undefined
2026-04-27 23:11:37: Scanner error: undefined
2026-04-27 23:11:40: Scanner error: undefined
2026-04-27 23:11:43: Scanner error: undefined
2026-04-27 23:11:47: Scanner error: undefined
2026-04-27 23:11:50: Scanner error: undefined
2026-04-27 23:11:53: Scanner error: undefined
2026-04-27 23:11:56: Scanner error: undefined
2026-04-27 23:12:00: Scanner error: undefined
2026-04-27 23:12:03: Scanner error: undefined
2026-04-27 23:12:06: Scanner error: undefined
2026-04-27 23:12:10: Scanner error: undefined
2026-04-27 23:12:13: Scanner error: undefined
2026-04-27 23:12:16: Scanner error: undefined
2026-04-27 23:12:20: Scanner error: undefined
2026-04-27 23:12:23: Scanner error: undefined
2026-04-27 23:12:26: Scanner error: undefined
2026-04-27 23:12:30: Scanner error: undefined
2026-04-27 23:12:33: Scanner error: undefined
2026-04-27 23:12:37: Scanner error: undefined
2026-04-27 23:12:40: Scanner error: undefined
2026-04-27 23:12:44: Scanner error: undefined
2026-04-27 23:12:47: Scanner error: undefined
2026-04-27 23:12:50: Scanner error: undefined
2026-04-27 23:12:54: Scanner error: undefined
2026-04-27 23:12:57: Scanner error: undefined
2026-04-27 23:13:00: Scanner error: undefined
2026-04-27 23:13:04: Scanner error: undefined
2026-04-27 23:13:07: Scanner error: undefined
2026-04-27 23:13:10: Scanner error: undefined
2026-04-27 23:13:15: Scanner error: undefined
2026-04-27 23:13:18: Scanner error: undefined
2026-04-27 23:13:22: Scanner error: undefined
2026-04-27 23:13:26: Scanner error: undefined
2026-04-27 23:13:31: Scanner error: undefined
2026-04-27 23:13:34: Scanner error: undefined
2026-04-27 23:13:38: Scanner error: undefined
2026-04-27 23:13:41: Scanner error: undefined
2026-04-27 23:13:44: Scanner error: undefined
2026-04-27 23:13:47: Scanner error: undefined
2026-04-27 23:13:51: Scanner error: undefined
2026-04-27 23:13:54: Scanner error: undefined
2026-04-27 23:13:57: Scanner error: undefined
2026-04-27 23:14:01: Scanner error: undefined
2026-04-27 23:14:04: Scanner error: undefined
2026-04-27 23:14:07: Scanner error: undefined
2026-04-27 23:14:11: Scanner error: undefined
2026-04-27 23:14:14: Scanner error: undefined
2026-04-27 23:14:17: Scanner error: undefined
2026-04-27 23:14:20: Scanner error: undefined
2026-04-27 23:14:24: Scanner error: undefined
2026-04-27 23:14:27: Scanner error: undefined
2026-04-27 23:14:30: Scanner error: undefined
2026-04-27 23:14:34: Scanner error: undefined
2026-04-27 23:14:37: Scanner error: undefined
2026-04-27 23:14:41: Scanner error: undefined
2026-04-27 23:14:44: Scanner error: undefined
2026-04-27 23:14:47: Scanner error: undefined
2026-04-27 23:14:50: Scanner error: undefined
2026-04-27 23:14:54: Scanner error: undefined
2026-04-27 23:14:57: Scanner error: undefined
2026-04-27 23:15:00: Scanner error: undefined
2026-04-27 23:15:04: Scanner error: undefined
2026-04-27 23:15:07: Scanner error: undefined
2026-04-27 23:15:10: Scanner error: undefined
2026-04-27 23:15:14: Scanner error: undefined
2026-04-27 23:15:17: Scanner error: undefined
2026-04-27 23:15:20: Scanner error: undefined
2026-04-27 23:15:23: Scanner error: undefined
2026-04-27 23:15:27: Scanner error: undefined
2026-04-27 23:15:30: Scanner error: undefined
2026-04-27 23:15:33: Scanner error: undefined
2026-04-27 23:15:37: Scanner error: undefined
2026-04-27 23:15:40: Scanner error: undefined
2026-04-27 23:15:43: Scanner error: undefined
2026-04-27 23:15:46: Scanner error: undefined
2026-04-27 23:15:50: Scanner error: undefined
2026-04-27 23:15:53: Scanner error: undefined
2026-04-27 23:15:56: Scanner error: undefined
2026-04-27 23:16:00: Scanner error: undefined
2026-04-27 23:16:03: Scanner error: undefined
2026-04-27 23:16:06: Scanner error: undefined
2026-04-27 23:16:10: Scanner error: undefined
2026-04-27 23:16:13: Scanner error: undefined
2026-04-27 23:16:16: Scanner error: undefined
2026-04-27 23:16:20: Scanner error: undefined
2026-04-27 23:16:23: Scanner error: undefined
2026-04-27 23:16:26: Scanner error: undefined
2026-04-27 23:16:29: Scanner error: undefined
2026-04-27 23:16:33: Scanner error: undefined
2026-04-27 23:16:36: Scanner error: undefined
2026-04-27 23:16:39: Scanner error: undefined
2026-04-27 23:16:43: Scanner error: undefined
2026-04-27 23:16:46: Scanner error: undefined
2026-04-27 23:16:49: Scanner error: undefined
2026-04-27 23:16:53: Scanner error: undefined
2026-04-27 23:16:56: Scanner error: undefined
2026-04-27 23:16:59: Scanner error: undefined
2026-04-27 23:17:03: Scanner error: undefined
2026-04-27 23:17:06: Scanner error: undefined
2026-04-27 23:17:09: Scanner error: undefined
2026-04-27 23:17:12: Scanner error: undefined
2026-04-27 23:17:16: Scanner error: undefined
2026-04-27 23:17:19: Scanner error: undefined
2026-04-27 23:17:22: Scanner error: undefined
2026-04-27 23:17:26: Scanner error: undefined
2026-04-27 23:17:29: Scanner error: undefined
2026-04-27 23:17:32: Scanner error: undefined
2026-04-27 23:17:36: Scanner error: undefined
2026-04-27 23:17:39: Scanner error: undefined
2026-04-27 23:17:42: Scanner error: undefined
2026-04-27 23:17:45: Scanner error: undefined
2026-04-27 23:17:49: Scanner error: undefined
2026-04-27 23:17:52: Scanner error: undefined
2026-04-27 23:17:55: Scanner error: undefined
2026-04-27 23:17:59: Scanner error: undefined
2026-04-27 23:18:02: Scanner error: undefined
2026-04-27 23:18:05: Scanner error: undefined
2026-04-27 23:18:09: Scanner error: undefined
2026-04-27 23:18:12: Scanner error: undefined
2026-04-27 23:18:15: Scanner error: undefined
2026-04-27 23:18:18: Scanner error: undefined
2026-04-27 23:18:22: Scanner error: undefined
2026-04-27 23:18:25: Scanner error: undefined
2026-04-27 23:18:28: Scanner error: undefined
2026-04-27 23:18:32: Scanner error: undefined
2026-04-27 23:18:35: Scanner error: undefined
2026-04-27 23:18:38: Scanner error: undefined
2026-04-27 23:18:42: Scanner error: undefined
2026-04-27 23:18:45: Scanner error: undefined
2026-04-27 23:18:48: Scanner error: undefined
2026-04-27 23:18:51: Scanner error: undefined
2026-04-27 23:18:55: Scanner error: undefined
2026-04-27 23:18:58: Scanner error: undefined
2026-04-27 23:19:01: Scanner error: undefined
2026-04-27 23:19:05: Scanner error: undefined
2026-04-27 23:19:08: Scanner error: undefined
2026-04-27 23:19:11: Scanner error: undefined
2026-04-27 23:19:15: Scanner error: undefined
2026-04-27 23:19:18: Scanner error: undefined
2026-04-27 23:19:21: Scanner error: undefined
2026-04-27 23:19:24: Scanner error: undefined
2026-04-27 23:19:28: Scanner error: undefined
2026-04-27 23:19:31: Scanner error: undefined
2026-04-27 23:19:34: Scanner error: undefined
2026-04-27 23:19:38: Scanner error: undefined
2026-04-27 23:19:41: Scanner error: undefined
2026-04-27 23:19:44: Scanner error: undefined
2026-04-27 23:19:48: Scanner error: undefined
2026-04-27 23:19:51: Scanner error: undefined
2026-04-27 23:19:54: Scanner error: undefined
2026-04-27 23:19:57: Scanner error: undefined
2026-04-27 23:20:01: Scanner error: undefined
2026-04-27 23:20:04: Scanner error: undefined
2026-04-27 23:20:07: Scanner error: undefined
2026-04-27 23:20:11: Scanner error: undefined
2026-04-27 23:20:14: Scanner error: undefined
2026-04-27 23:20:17: Scanner error: undefined
2026-04-27 23:20:21: Scanner error: undefined
2026-04-27 23:20:24: Scanner error: undefined
2026-04-27 23:20:27: Scanner error: undefined
2026-04-27 23:20:31: Scanner error: undefined
2026-04-27 23:20:34: Scanner error: undefined
2026-04-27 23:20:37: Scanner error: undefined
2026-04-27 23:20:40: Scanner error: undefined
2026-04-27 23:20:44: Scanner error: undefined
2026-04-27 23:20:47: Scanner error: undefined
2026-04-27 23:20:50: Scanner error: undefined
2026-04-27 23:20:54: Scanner error: undefined
2026-04-27 23:20:57: Scanner error: undefined
2026-04-27 23:21:00: Scanner error: undefined
2026-04-27 23:21:04: Scanner error: undefined
2026-04-27 23:21:07: Scanner error: undefined
2026-04-27 23:21:10: Scanner error: undefined
2026-04-27 23:21:13: Scanner error: undefined
2026-04-27 23:21:17: Scanner error: undefined
2026-04-27 23:21:20: Scanner error: undefined
2026-04-27 23:21:23: Scanner error: undefined
2026-04-27 23:21:27: Scanner error: undefined
2026-04-27 23:21:30: Scanner error: undefined
2026-04-27 23:21:33: Scanner error: undefined
2026-04-27 23:21:37: Scanner error: undefined
2026-04-27 23:21:40: Scanner error: undefined
2026-04-27 23:21:43: Scanner error: undefined
2026-04-27 23:21:47: Scanner error: undefined
2026-04-27 23:21:50: Scanner error: undefined
2026-04-27 23:21:53: Scanner error: undefined
2026-04-27 23:21:57: Scanner error: undefined
2026-04-27 23:22:00: Scanner error: undefined
2026-04-27 23:22:03: Scanner error: undefined
2026-04-27 23:22:07: Scanner error: undefined
2026-04-27 23:22:10: Scanner error: undefined
2026-04-27 23:22:13: Scanner error: undefined
2026-04-27 23:22:16: Scanner error: undefined
2026-04-27 23:22:20: Scanner error: undefined
2026-04-27 23:22:23: Scanner error: undefined
2026-04-27 23:22:26: Scanner error: undefined
2026-04-27 23:22:30: Scanner error: undefined
2026-04-27 23:22:33: Scanner error: undefined
2026-04-27 23:22:36: Scanner error: undefined
2026-04-27 23:22:40: Scanner error: undefined
2026-04-27 23:22:43: Scanner error: undefined
2026-04-27 23:22:46: Scanner error: undefined
2026-04-27 23:22:49: Scanner error: undefined
2026-04-27 23:22:53: Scanner error: undefined
2026-04-27 23:22:56: Scanner error: undefined
2026-04-27 23:22:59: Scanner error: undefined
2026-04-27 23:23:03: Scanner error: undefined
2026-04-27 23:23:06: Scanner error: undefined
2026-04-27 23:23:09: Scanner error: undefined
2026-04-27 23:23:13: Scanner error: undefined
2026-04-27 23:23:16: Scanner error: undefined
2026-04-27 23:23:19: Scanner error: undefined
2026-04-27 23:23:22: Scanner error: undefined
2026-04-27 23:23:26: Scanner error: undefined
2026-04-27 23:23:29: Scanner error: undefined
2026-04-27 23:23:32: Scanner error: undefined
2026-04-27 23:23:36: Scanner error: undefined
2026-04-27 23:23:39: Scanner error: undefined
2026-04-27 23:23:42: Scanner error: undefined
2026-04-27 23:23:46: Scanner error: undefined
2026-04-27 23:23:49: Scanner error: undefined
2026-04-27 23:23:52: Scanner error: undefined
2026-04-27 23:23:56: Scanner error: undefined
2026-04-27 23:23:59: Scanner error: undefined
2026-04-27 23:24:02: Scanner error: undefined
2026-04-27 23:24:06: Scanner error: undefined
2026-04-27 23:24:09: Scanner error: undefined
2026-04-27 23:24:12: Scanner error: undefined
2026-04-27 23:24:15: Scanner error: undefined
2026-04-27 23:24:19: Scanner error: undefined
2026-04-27 23:24:22: Scanner error: undefined
2026-04-27 23:24:25: Scanner error: undefined
2026-04-27 23:24:29: Scanner error: undefined
2026-04-27 23:24:32: Scanner error: undefined
2026-04-27 23:24:35: Scanner error: undefined
2026-04-27 23:24:39: Scanner error: undefined
2026-04-27 23:24:42: Scanner error: undefined
2026-04-27 23:24:45: Scanner error: undefined
2026-04-27 23:24:48: Scanner error: undefined
2026-04-27 23:24:52: Scanner error: undefined
2026-04-27 23:24:55: Scanner error: undefined
2026-04-27 23:24:58: Scanner error: undefined
2026-04-27 23:25:02: Scanner error: undefined
2026-04-27 23:25:05: Scanner error: undefined
2026-04-27 23:25:08: Scanner error: undefined
2026-04-27 23:25:12: Scanner error: undefined
2026-04-27 23:25:15: Scanner error: undefined
2026-04-27 23:25:18: Scanner error: undefined
2026-04-27 23:25:21: Scanner error: undefined
2026-04-27 23:25:25: Scanner error: undefined
2026-04-27 23:25:28: Scanner error: undefined
2026-04-27 23:25:31: Scanner error: undefined
2026-04-27 23:25:35: Scanner error: undefined
2026-04-27 23:25:38: Scanner error: undefined
2026-04-27 23:25:41: Scanner error: undefined
2026-04-27 23:25:45: Scanner error: undefined
2026-04-27 23:25:48: Scanner error: undefined
2026-04-27 23:25:51: Scanner error: undefined
2026-04-27 23:25:54: Scanner error: undefined
2026-04-27 23:25:58: Scanner error: undefined
2026-04-27 23:26:01: Scanner error: undefined
2026-04-27 23:26:04: Scanner error: undefined
2026-04-27 23:26:08: Scanner error: undefined
2026-04-27 23:26:11: Scanner error: undefined
2026-04-27 23:26:14: Scanner error: undefined
2026-04-27 23:26:18: Scanner error: undefined
2026-04-27 23:26:21: Scanner error: undefined
2026-04-27 23:26:24: Scanner error: undefined
2026-04-27 23:26:27: Scanner error: undefined
2026-04-27 23:26:31: Scanner error: undefined
2026-04-27 23:26:34: Scanner error: undefined
2026-04-27 23:26:37: Scanner error: undefined
2026-04-27 23:26:41: Scanner error: undefined
2026-04-27 23:26:44: Scanner error: undefined
2026-04-27 23:26:47: Scanner error: undefined
2026-04-27 23:26:51: Scanner error: undefined
2026-04-27 23:26:54: Scanner error: undefined
2026-04-27 23:26:57: Scanner error: undefined
2026-04-27 23:27:00: Scanner error: undefined
2026-04-27 23:27:04: Scanner error: undefined
2026-04-27 23:27:07: Scanner error: undefined
2026-04-27 23:27:10: Scanner error: undefined
2026-04-27 23:27:14: Scanner error: undefined
2026-04-27 23:27:17: Scanner error: undefined
2026-04-27 23:27:20: Scanner error: undefined
2026-04-27 23:27:24: Scanner error: undefined
2026-04-27 23:27:27: Scanner error: undefined
2026-04-27 23:27:30: Scanner error: undefined
2026-04-27 23:27:34: Scanner error: undefined
2026-04-27 23:27:37: Scanner error: undefined
2026-04-27 23:27:40: Scanner error: undefined
2026-04-27 23:27:43: Scanner error: undefined
2026-04-27 23:27:47: Scanner error: undefined
2026-04-27 23:27:50: Scanner error: undefined
2026-04-27 23:27:53: Scanner error: undefined
2026-04-27 23:27:57: Scanner error: undefined
2026-04-27 23:28:00: Scanner error: undefined
2026-04-27 23:28:03: Scanner error: undefined
2026-04-27 23:28:07: Scanner error: undefined
2026-04-27 23:28:10: Scanner error: undefined
2026-04-27 23:28:13: Scanner error: undefined
2026-04-27 23:28:16: Scanner error: undefined
2026-04-27 23:28:20: Scanner error: undefined
2026-04-27 23:28:23: Scanner error: undefined
2026-04-27 23:28:26: Scanner error: undefined
2026-04-27 23:28:30: Scanner error: undefined
2026-04-27 23:28:33: Scanner error: undefined
2026-04-27 23:28:36: Scanner error: undefined
2026-04-27 23:28:40: Scanner error: undefined
2026-04-27 23:28:43: Scanner error: undefined
2026-04-27 23:28:46: Scanner error: undefined
2026-04-27 23:28:49: Scanner error: undefined
2026-04-27 23:28:53: Scanner error: undefined
2026-04-27 23:28:56: Scanner error: undefined
2026-04-27 23:29:00: Scanner error: undefined
2026-04-27 23:29:03: Scanner error: undefined
2026-04-27 23:29:06: Scanner error: undefined
2026-04-27 23:29:09: Scanner error: undefined
2026-04-27 23:29:13: Scanner error: undefined
2026-04-27 23:29:16: Scanner error: undefined
2026-04-27 23:29:19: Scanner error: undefined
2026-04-27 23:29:23: Scanner error: undefined
2026-04-27 23:29:26: Scanner error: undefined
2026-04-27 23:29:29: Scanner error: undefined
2026-04-27 23:29:33: Scanner error: undefined
2026-04-27 23:29:36: Scanner error: undefined
2026-04-27 23:29:39: Scanner error: undefined
2026-04-27 23:29:43: Scanner error: undefined
2026-04-27 23:29:46: Scanner error: undefined
2026-04-27 23:29:49: Scanner error: undefined
2026-04-27 23:29:52: Scanner error: undefined
2026-04-27 23:29:56: Scanner error: undefined
2026-04-27 23:29:59: Scanner error: undefined
2026-04-27 23:30:02: Scanner error: undefined
2026-04-27 23:30:06: Scanner error: undefined
2026-04-27 23:30:09: Scanner error: undefined
2026-04-27 23:30:12: Scanner error: undefined
2026-04-27 23:30:16: Scanner error: undefined
2026-04-27 23:30:19: Scanner error: undefined
2026-04-27 23:30:22: Scanner error: undefined
2026-04-27 23:30:25: Scanner error: undefined
2026-04-27 23:30:29: Scanner error: undefined
2026-04-27 23:30:32: Scanner error: undefined
2026-04-27 23:30:35: Scanner error: undefined
2026-04-27 23:30:39: Scanner error: undefined
2026-04-27 23:30:42: Scanner error: undefined
2026-04-27 23:30:45: Scanner error: undefined
2026-04-27 23:30:49: Scanner error: undefined
2026-04-27 23:30:52: Scanner error: undefined
2026-04-27 23:30:55: Scanner error: undefined
2026-04-27 23:30:59: Scanner error: undefined
2026-04-27 23:31:02: Scanner error: undefined
2026-04-27 23:31:06: Scanner error: undefined
2026-04-27 23:31:09: Scanner error: undefined
2026-04-27 23:31:12: Scanner error: undefined
2026-04-27 23:31:15: Scanner error: undefined
2026-04-27 23:31:19: Scanner error: undefined
2026-04-27 23:31:22: Scanner error: undefined
2026-04-27 23:31:25: Scanner error: undefined
2026-04-27 23:31:29: Scanner error: undefined
2026-04-27 23:31:32: Scanner error: undefined
2026-04-27 23:31:35: Scanner error: undefined
